15:49:13 INFO src.model_v25_resconv: ============================================================
15:49:13 INFO src.model_v25_resconv: V25.0 Dual-Head Conv（骨干同 V8 三层）+ Δ 辅助 L1
15:49:13 INFO src.model_v25_resconv:   input=(18 ch, 12 slots, 7 days)  ctx=[-1h..+1h]  λ_Δ=0.300
15:49:13 INFO src.model_v25_resconv:   epochs=200  bs=64  train_window=6M
15:49:13 INFO src.model_v25_resconv: PyTorch 2.5.1+cu121 | device=cuda
15:49:13 INFO src.model_v25_resconv: Padded 1395 midnight entries (00:00 <- 00:15)
15:49:13 INFO src.model_v25_resconv: DWS: 131151 rows x 14 cols (2022-06-01 00:00:00 ~ 2026-03-26 23:15:00)
15:49:15 INFO src.model_v25_resconv: Daily arrays (15min): 1303 days, 1303 with target
15:49:15 INFO src.model_v25_resconv: Model params: 199810
15:49:15 INFO src.model_v25_resconv: Fold  1 | train=4344 val=336 test=168 | test 2025-09-01 ~ 2025-09-07
15:49:16 INFO src.model_v25_resconv:   fold01 ep  0  loss=0.6384  train=115.9  val=97.4  test=96.7  best_val=97.4  λ_Δ=0.30  lr=1.9e-04
15:49:17 INFO src.model_v25_resconv:   fold01 ep  5  loss=0.3963  train=71.9  val=88.1  test=78.6  best_val=88.1  λ_Δ=0.30  lr=6.4e-04
15:49:18 INFO src.model_v25_resconv:   fold01 ep 10  loss=0.3690  train=62.8  val=92.4  test=91.3  best_val=83.5  λ_Δ=0.30  lr=1.0e-03
15:49:19 INFO src.model_v25_resconv:   fold01 ep 15  loss=0.3163  train=52.4  val=89.5  test=113.3  best_val=81.0  λ_Δ=0.30  lr=1.0e-03
15:49:20 INFO src.model_v25_resconv:   fold01 ep 20  loss=0.2804  train=44.0  val=88.4  test=101.3  best_val=81.0  λ_Δ=0.30  lr=9.9e-04
15:49:21 INFO src.model_v25_resconv:   fold01 ep 25  loss=0.2533  train=39.4  val=90.5  test=104.1  best_val=80.4  λ_Δ=0.30  lr=9.8e-04
15:49:22 INFO src.model_v25_resconv:   fold01 ep 30  loss=0.2344  train=33.2  val=85.3  test=105.7  best_val=76.8  λ_Δ=0.30  lr=9.7e-04
15:49:23 INFO src.model_v25_resconv:   fold01 ep 35  loss=0.2183  train=32.7  val=84.0  test=103.1  best_val=76.8  λ_Δ=0.30  lr=9.5e-04
15:49:23 INFO src.model_v25_resconv:   fold01 ep 40  loss=0.1977  train=30.4  val=82.9  test=100.5  best_val=76.8  λ_Δ=0.30  lr=9.4e-04
15:49:24 INFO src.model_v25_resconv:   fold01 ep 45  loss=0.1854  train=28.0  val=86.5  test=101.9  best_val=76.8  λ_Δ=0.30  lr=9.1e-04
15:49:25 INFO src.model_v25_resconv:   fold01 ep 50  loss=0.1737  train=24.5  val=79.4  test=100.3  best_val=76.8  λ_Δ=0.30  lr=8.9e-04
15:49:26 INFO src.model_v25_resconv:   fold01 ep 55  loss=0.1625  train=23.3  val=82.1  test=104.5  best_val=76.8  λ_Δ=0.30  lr=8.6e-04
15:49:27 INFO src.model_v25_resconv:   fold01 ep 60  loss=0.1551  train=24.9  val=76.0  test=94.7  best_val=76.0  λ_Δ=0.30  lr=8.3e-04
15:49:28 INFO src.model_v25_resconv:   fold01 ep 65  loss=0.1456  train=21.8  val=81.0  test=100.8  best_val=76.0  λ_Δ=0.30  lr=8.0e-04
15:49:29 INFO src.model_v25_resconv:   fold01 ep 70  loss=0.1351  train=20.1  val=80.0  test=101.3  best_val=76.0  λ_Δ=0.30  lr=7.7e-04
15:49:30 INFO src.model_v25_resconv:   fold01 ep 75  loss=0.1351  train=18.8  val=80.7  test=102.3  best_val=76.0  λ_Δ=0.30  lr=7.3e-04
15:49:31 INFO src.model_v25_resconv:   fold01 ep 80  loss=0.1278  train=17.2  val=81.2  test=105.8  best_val=76.0  λ_Δ=0.30  lr=6.9e-04
15:49:32 INFO src.model_v25_resconv:   fold01 ep 85  loss=0.1224  train=16.5  val=88.1  test=106.0  best_val=76.0  λ_Δ=0.30  lr=6.5e-04
15:49:33 INFO src.model_v25_resconv:   fold01 ep 90  loss=0.1205  train=15.0  val=81.9  test=102.2  best_val=76.0  λ_Δ=0.30  lr=6.2e-04
15:49:34 INFO src.model_v25_resconv:   fold01 ep 95  loss=0.1123  train=16.4  val=83.1  test=104.8  best_val=76.0  λ_Δ=0.30  lr=5.7e-04
15:49:35 INFO src.model_v25_resconv:   fold01 ep100  loss=0.1096  train=15.2  val=83.0  test=99.3  best_val=76.0  λ_Δ=0.30  lr=5.3e-04
15:49:36 INFO src.model_v25_resconv:   fold01 ep105  loss=0.1051  train=13.6  val=83.5  test=100.6  best_val=76.0  λ_Δ=0.30  lr=4.9e-04
15:49:37 INFO src.model_v25_resconv:   fold01 ep110  loss=0.1010  train=14.6  val=84.4  test=103.0  best_val=76.0  λ_Δ=0.30  lr=4.5e-04
15:49:38 INFO src.model_v25_resconv:   fold01 ep115  loss=0.0993  train=12.8  val=84.7  test=103.3  best_val=76.0  λ_Δ=0.30  lr=4.1e-04
15:49:39 INFO src.model_v25_resconv:   fold01 ep120  loss=0.0941  train=12.8  val=80.4  test=98.4  best_val=76.0  λ_Δ=0.30  lr=3.7e-04
15:49:40 INFO src.model_v25_resconv:   fold01 ep125  loss=0.0893  train=10.7  val=81.3  test=105.8  best_val=76.0  λ_Δ=0.30  lr=3.3e-04
15:49:40 INFO src.model_v25_resconv:   fold01 ep130  loss=0.0874  train=10.4  val=83.5  test=102.1  best_val=76.0  λ_Δ=0.30  lr=2.9e-04
15:49:41 INFO src.model_v25_resconv:   fold01 ep135  loss=0.0835  train=10.4  val=81.1  test=100.3  best_val=76.0  λ_Δ=0.30  lr=2.6e-04
15:49:42 INFO src.model_v25_resconv:   fold01 ep140  loss=0.0823  train=8.5  val=82.2  test=100.6  best_val=76.0  λ_Δ=0.30  lr=2.2e-04
15:49:43 INFO src.model_v25_resconv:   fold01 ep145  loss=0.0801  train=8.1  val=82.8  test=103.3  best_val=76.0  λ_Δ=0.30  lr=1.9e-04
15:49:44 INFO src.model_v25_resconv:   fold01 ep150  loss=0.0778  train=7.4  val=82.4  test=101.6  best_val=76.0  λ_Δ=0.30  lr=1.6e-04
15:49:45 INFO src.model_v25_resconv:   fold01 ep155  loss=0.0770  train=7.6  val=82.3  test=101.7  best_val=76.0  λ_Δ=0.30  lr=1.3e-04
15:49:46 INFO src.model_v25_resconv:   fold01 ep160  loss=0.0750  train=5.9  val=82.3  test=101.2  best_val=76.0  λ_Δ=0.30  lr=1.0e-04
15:49:47 INFO src.model_v25_resconv:   fold01 ep165  loss=0.0728  train=5.6  val=82.2  test=100.7  best_val=76.0  λ_Δ=0.30  lr=7.8e-05
15:49:48 INFO src.model_v25_resconv:   fold01 ep170  loss=0.0709  train=5.9  val=82.1  test=101.9  best_val=76.0  λ_Δ=0.30  lr=5.7e-05
15:49:49 INFO src.model_v25_resconv:   fold01 ep175  loss=0.0698  train=4.7  val=82.6  test=101.4  best_val=76.0  λ_Δ=0.30  lr=4.0e-05
15:49:50 INFO src.model_v25_resconv:   fold01 ep180  loss=0.0675  train=4.7  val=81.8  test=102.0  best_val=76.0  λ_Δ=0.30  lr=2.5e-05
15:49:51 INFO src.model_v25_resconv:   fold01 ep185  loss=0.0683  train=4.4  val=81.6  test=101.1  best_val=76.0  λ_Δ=0.30  lr=1.4e-05
15:49:52 INFO src.model_v25_resconv:   fold01 ep190  loss=0.0662  train=4.0  val=82.2  test=101.8  best_val=76.0  λ_Δ=0.30  lr=6.5e-06
15:49:53 INFO src.model_v25_resconv:   fold01 ep195  loss=0.0676  train=4.0  val=82.4  test=101.5  best_val=76.0  λ_Δ=0.30  lr=2.1e-06
15:49:53 INFO src.model_v25_resconv:   fold01 ep199  loss=0.0680  train=4.0  val=82.4  test=101.8  best_val=76.0  λ_Δ=0.30  lr=1.0e-06
15:49:53 INFO src.model_v25_resconv: Fold  1 done | val=76.0  test_MAE=101.8  test_RMSE=132.4
15:49:54 INFO src.model_v25_resconv: Fold  2 | train=4344 val=336 test=168 | test 2025-09-08 ~ 2025-09-14
15:49:54 INFO src.model_v25_resconv:   fold02 ep  0  loss=0.6476  train=112.4  val=105.5  test=103.5  best_val=105.5  λ_Δ=0.30  lr=1.9e-04
15:49:55 INFO src.model_v25_resconv:   fold02 ep  5  loss=0.4065  train=69.3  val=83.6  test=96.6  best_val=83.6  λ_Δ=0.30  lr=6.4e-04
15:49:56 INFO src.model_v25_resconv:   fold02 ep 10  loss=0.3735  train=61.2  val=90.2  test=91.4  best_val=83.6  λ_Δ=0.30  lr=1.0e-03
15:49:57 INFO src.model_v25_resconv:   fold02 ep 15  loss=0.3130  train=52.8  val=93.9  test=89.0  best_val=83.6  λ_Δ=0.30  lr=1.0e-03
15:49:58 INFO src.model_v25_resconv:   fold02 ep 20  loss=0.2886  train=42.7  val=90.4  test=90.7  best_val=80.9  λ_Δ=0.30  lr=9.9e-04
15:49:59 INFO src.model_v25_resconv:   fold02 ep 25  loss=0.2546  train=36.6  val=91.9  test=95.1  best_val=80.9  λ_Δ=0.30  lr=9.8e-04
15:50:00 INFO src.model_v25_resconv:   fold02 ep 30  loss=0.2326  train=32.8  val=91.4  test=92.3  best_val=80.9  λ_Δ=0.30  lr=9.7e-04
15:50:00 INFO src.model_v25_resconv:   fold02 ep 35  loss=0.2163  train=29.2  val=91.7  test=93.7  best_val=80.9  λ_Δ=0.30  lr=9.5e-04
15:50:01 INFO src.model_v25_resconv:   fold02 ep 40  loss=0.2037  train=28.4  val=88.2  test=92.1  best_val=80.9  λ_Δ=0.30  lr=9.4e-04
15:50:02 INFO src.model_v25_resconv:   fold02 ep 45  loss=0.1871  train=26.1  val=90.1  test=93.9  best_val=80.9  λ_Δ=0.30  lr=9.1e-04
15:50:03 INFO src.model_v25_resconv:   fold02 ep 50  loss=0.1781  train=24.4  val=89.6  test=94.4  best_val=80.9  λ_Δ=0.30  lr=8.9e-04
15:50:04 INFO src.model_v25_resconv:   fold02 ep 55  loss=0.1656  train=21.8  val=86.6  test=90.1  best_val=80.9  λ_Δ=0.30  lr=8.6e-04
15:50:05 INFO src.model_v25_resconv:   fold02 ep 60  loss=0.1571  train=20.7  val=89.9  test=92.2  best_val=80.9  λ_Δ=0.30  lr=8.3e-04
15:50:06 INFO src.model_v25_resconv:   fold02 ep 65  loss=0.1543  train=22.6  val=88.1  test=93.9  best_val=80.9  λ_Δ=0.30  lr=8.0e-04
15:50:07 INFO src.model_v25_resconv:   fold02 ep 70  loss=0.1428  train=18.8  val=91.2  test=96.0  best_val=80.9  λ_Δ=0.30  lr=7.7e-04
15:50:08 INFO src.model_v25_resconv:   fold02 ep 75  loss=0.1376  train=18.0  val=92.1  test=96.9  best_val=80.9  λ_Δ=0.30  lr=7.3e-04
15:50:09 INFO src.model_v25_resconv:   fold02 ep 80  loss=0.1299  train=16.9  val=92.0  test=96.9  best_val=80.9  λ_Δ=0.30  lr=6.9e-04
15:50:10 INFO src.model_v25_resconv:   fold02 ep 85  loss=0.1266  train=15.6  val=89.6  test=94.3  best_val=80.9  λ_Δ=0.30  lr=6.5e-04
15:50:11 INFO src.model_v25_resconv:   fold02 ep 90  loss=0.1214  train=18.1  val=87.0  test=95.3  best_val=80.9  λ_Δ=0.30  lr=6.2e-04
15:50:12 INFO src.model_v25_resconv:   fold02 ep 95  loss=0.1146  train=13.8  val=91.7  test=92.2  best_val=80.9  λ_Δ=0.30  lr=5.7e-04
15:50:13 INFO src.model_v25_resconv:   fold02 ep100  loss=0.1084  train=13.6  val=92.6  test=94.2  best_val=80.9  λ_Δ=0.30  lr=5.3e-04
15:50:14 INFO src.model_v25_resconv:   fold02 ep105  loss=0.1061  train=12.6  val=92.1  test=97.4  best_val=80.9  λ_Δ=0.30  lr=4.9e-04
15:50:15 INFO src.model_v25_resconv:   fold02 ep110  loss=0.1027  train=12.3  val=89.3  test=91.7  best_val=80.9  λ_Δ=0.30  lr=4.5e-04
15:50:16 INFO src.model_v25_resconv:   fold02 ep115  loss=0.0999  train=11.5  val=90.7  test=97.3  best_val=80.9  λ_Δ=0.30  lr=4.1e-04
15:50:16 INFO src.model_v25_resconv:   fold02 ep120  loss=0.0945  train=11.0  val=91.7  test=96.8  best_val=80.9  λ_Δ=0.30  lr=3.7e-04
15:50:17 INFO src.model_v25_resconv:   fold02 ep125  loss=0.0910  train=10.1  val=91.9  test=95.9  best_val=80.9  λ_Δ=0.30  lr=3.3e-04
15:50:18 INFO src.model_v25_resconv:   fold02 ep130  loss=0.0859  train=9.8  val=91.1  test=92.9  best_val=80.9  λ_Δ=0.30  lr=2.9e-04
15:50:19 INFO src.model_v25_resconv:   fold02 ep135  loss=0.0835  train=8.5  val=90.9  test=96.0  best_val=80.9  λ_Δ=0.30  lr=2.6e-04
15:50:20 INFO src.model_v25_resconv:   fold02 ep140  loss=0.0806  train=8.4  val=91.9  test=96.0  best_val=80.9  λ_Δ=0.30  lr=2.2e-04
15:50:21 INFO src.model_v25_resconv:   fold02 ep145  loss=0.0786  train=7.4  val=91.4  test=96.1  best_val=80.9  λ_Δ=0.30  lr=1.9e-04
15:50:22 INFO src.model_v25_resconv:   fold02 ep150  loss=0.0768  train=6.7  val=91.4  test=94.8  best_val=80.9  λ_Δ=0.30  lr=1.6e-04
15:50:23 INFO src.model_v25_resconv:   fold02 ep155  loss=0.0748  train=6.6  val=91.3  test=94.3  best_val=80.9  λ_Δ=0.30  lr=1.3e-04
15:50:24 INFO src.model_v25_resconv:   fold02 ep160  loss=0.0722  train=5.8  val=90.8  test=94.6  best_val=80.9  λ_Δ=0.30  lr=1.0e-04
15:50:25 INFO src.model_v25_resconv:   fold02 ep165  loss=0.0710  train=5.5  val=90.3  test=94.1  best_val=80.9  λ_Δ=0.30  lr=7.8e-05
15:50:26 INFO src.model_v25_resconv:   fold02 ep170  loss=0.0696  train=5.5  val=91.1  test=95.4  best_val=80.9  λ_Δ=0.30  lr=5.7e-05
15:50:27 INFO src.model_v25_resconv:   fold02 ep175  loss=0.0689  train=4.7  val=91.1  test=94.9  best_val=80.9  λ_Δ=0.30  lr=4.0e-05
15:50:28 INFO src.model_v25_resconv:   fold02 ep180  loss=0.0679  train=4.7  val=90.7  test=94.7  best_val=80.9  λ_Δ=0.30  lr=2.5e-05
15:50:29 INFO src.model_v25_resconv:   fold02 ep185  loss=0.0679  train=3.9  val=91.0  test=94.8  best_val=80.9  λ_Δ=0.30  lr=1.4e-05
15:50:30 INFO src.model_v25_resconv:   fold02 ep190  loss=0.0655  train=3.7  val=91.3  test=94.9  best_val=80.9  λ_Δ=0.30  lr=6.5e-06
15:50:31 INFO src.model_v25_resconv:   fold02 ep195  loss=0.0650  train=3.8  val=91.8  test=95.1  best_val=80.9  λ_Δ=0.30  lr=2.1e-06
15:50:31 INFO src.model_v25_resconv:   fold02 ep199  loss=0.0657  train=3.5  val=91.4  test=94.7  best_val=80.9  λ_Δ=0.30  lr=1.0e-06
15:50:31 INFO src.model_v25_resconv: Fold  2 done | val=80.9  test_MAE=94.7  test_RMSE=140.4
15:50:32 INFO src.model_v25_resconv: Fold  3 | train=4416 val=336 test=168 | test 2025-09-15 ~ 2025-09-21
15:50:32 INFO src.model_v25_resconv:   fold03 ep  0  loss=0.6498  train=106.9  val=95.0  test=204.3  best_val=95.0  λ_Δ=0.30  lr=1.9e-04
15:50:33 INFO src.model_v25_resconv:   fold03 ep  5  loss=0.4079  train=66.7  val=89.2  test=195.5  best_val=88.6  λ_Δ=0.30  lr=6.4e-04
15:50:34 INFO src.model_v25_resconv:   fold03 ep 10  loss=0.3736  train=57.7  val=90.4  test=172.4  best_val=82.0  λ_Δ=0.30  lr=1.0e-03
15:50:35 INFO src.model_v25_resconv:   fold03 ep 15  loss=0.3155  train=53.6  val=88.3  test=235.8  best_val=82.0  λ_Δ=0.30  lr=1.0e-03
15:50:36 INFO src.model_v25_resconv:   fold03 ep 20  loss=0.2869  train=38.9  val=91.3  test=185.7  best_val=82.0  λ_Δ=0.30  lr=9.9e-04
15:50:37 INFO src.model_v25_resconv:   fold03 ep 25  loss=0.2544  train=35.6  val=88.4  test=200.6  best_val=82.0  λ_Δ=0.30  lr=9.8e-04
15:50:38 INFO src.model_v25_resconv:   fold03 ep 30  loss=0.2325  train=31.8  val=87.8  test=185.3  best_val=82.0  λ_Δ=0.30  lr=9.7e-04
15:50:39 INFO src.model_v25_resconv:   fold03 ep 35  loss=0.2196  train=29.0  val=86.2  test=178.6  best_val=82.0  λ_Δ=0.30  lr=9.5e-04
15:50:39 INFO src.model_v25_resconv:   fold03 ep 40  loss=0.2024  train=26.3  val=85.8  test=185.7  best_val=82.0  λ_Δ=0.30  lr=9.4e-04
15:50:40 INFO src.model_v25_resconv:   fold03 ep 45  loss=0.1846  train=23.6  val=88.1  test=191.9  best_val=82.0  λ_Δ=0.30  lr=9.1e-04
15:50:41 INFO src.model_v25_resconv:   fold03 ep 50  loss=0.1747  train=22.9  val=86.6  test=189.8  best_val=82.0  λ_Δ=0.30  lr=8.9e-04
15:50:42 INFO src.model_v25_resconv:   fold03 ep 55  loss=0.1634  train=22.9  val=86.9  test=190.2  best_val=82.0  λ_Δ=0.30  lr=8.6e-04
15:50:43 INFO src.model_v25_resconv:   fold03 ep 60  loss=0.1551  train=20.4  val=85.6  test=188.8  best_val=82.0  λ_Δ=0.30  lr=8.3e-04
15:50:44 INFO src.model_v25_resconv:   fold03 ep 65  loss=0.1468  train=20.5  val=91.0  test=195.6  best_val=82.0  λ_Δ=0.30  lr=8.0e-04
15:50:45 INFO src.model_v25_resconv:   fold03 ep 70  loss=0.1418  train=18.6  val=83.8  test=184.9  best_val=82.0  λ_Δ=0.30  lr=7.7e-04
15:50:46 INFO src.model_v25_resconv:   fold03 ep 75  loss=0.1313  train=19.5  val=92.7  test=192.6  best_val=82.0  λ_Δ=0.30  lr=7.3e-04
15:50:47 INFO src.model_v25_resconv:   fold03 ep 80  loss=0.1306  train=18.2  val=89.5  test=188.1  best_val=82.0  λ_Δ=0.30  lr=6.9e-04
15:50:48 INFO src.model_v25_resconv:   fold03 ep 85  loss=0.1224  train=16.0  val=87.4  test=186.7  best_val=82.0  λ_Δ=0.30  lr=6.5e-04
15:50:49 INFO src.model_v25_resconv:   fold03 ep 90  loss=0.1214  train=15.6  val=86.1  test=190.1  best_val=82.0  λ_Δ=0.30  lr=6.2e-04
15:50:50 INFO src.model_v25_resconv:   fold03 ep 95  loss=0.1161  train=13.4  val=88.4  test=192.4  best_val=82.0  λ_Δ=0.30  lr=5.7e-04
15:50:51 INFO src.model_v25_resconv:   fold03 ep100  loss=0.1117  train=13.0  val=87.3  test=189.3  best_val=82.0  λ_Δ=0.30  lr=5.3e-04
15:50:52 INFO src.model_v25_resconv:   fold03 ep105  loss=0.1067  train=14.7  val=89.4  test=188.7  best_val=82.0  λ_Δ=0.30  lr=4.9e-04
15:50:53 INFO src.model_v25_resconv:   fold03 ep110  loss=0.1007  train=11.8  val=88.3  test=191.8  best_val=82.0  λ_Δ=0.30  lr=4.5e-04
15:50:54 INFO src.model_v25_resconv:   fold03 ep115  loss=0.0983  train=11.4  val=87.3  test=196.9  best_val=82.0  λ_Δ=0.30  lr=4.1e-04
15:50:55 INFO src.model_v25_resconv:   fold03 ep120  loss=0.0964  train=11.3  val=88.0  test=190.8  best_val=82.0  λ_Δ=0.30  lr=3.7e-04
15:50:56 INFO src.model_v25_resconv:   fold03 ep125  loss=0.0922  train=10.5  val=87.2  test=191.8  best_val=82.0  λ_Δ=0.30  lr=3.3e-04
15:50:57 INFO src.model_v25_resconv:   fold03 ep130  loss=0.0881  train=10.2  val=88.4  test=190.4  best_val=82.0  λ_Δ=0.30  lr=2.9e-04
15:50:58 INFO src.model_v25_resconv:   fold03 ep135  loss=0.0839  train=9.7  val=87.5  test=186.7  best_val=82.0  λ_Δ=0.30  lr=2.6e-04
15:50:59 INFO src.model_v25_resconv:   fold03 ep140  loss=0.0819  train=7.8  val=90.2  test=188.7  best_val=82.0  λ_Δ=0.30  lr=2.2e-04
15:51:00 INFO src.model_v25_resconv:   fold03 ep145  loss=0.0805  train=7.3  val=89.0  test=190.1  best_val=82.0  λ_Δ=0.30  lr=1.9e-04
15:51:01 INFO src.model_v25_resconv:   fold03 ep150  loss=0.0778  train=6.8  val=88.8  test=192.6  best_val=82.0  λ_Δ=0.30  lr=1.6e-04
15:51:02 INFO src.model_v25_resconv:   fold03 ep155  loss=0.0767  train=6.1  val=89.3  test=191.3  best_val=82.0  λ_Δ=0.30  lr=1.3e-04
15:51:02 INFO src.model_v25_resconv:   fold03 ep160  loss=0.0732  train=5.6  val=89.8  test=191.7  best_val=82.0  λ_Δ=0.30  lr=1.0e-04
15:51:03 INFO src.model_v25_resconv:   fold03 ep165  loss=0.0701  train=5.7  val=89.0  test=189.8  best_val=82.0  λ_Δ=0.30  lr=7.8e-05
15:51:04 INFO src.model_v25_resconv:   fold03 ep170  loss=0.0741  train=5.5  val=89.5  test=191.5  best_val=82.0  λ_Δ=0.30  lr=5.7e-05
15:51:05 INFO src.model_v25_resconv:   fold03 ep175  loss=0.0688  train=4.6  val=89.3  test=188.9  best_val=82.0  λ_Δ=0.30  lr=4.0e-05
15:51:06 INFO src.model_v25_resconv:   fold03 ep180  loss=0.0696  train=4.4  val=88.9  test=189.2  best_val=82.0  λ_Δ=0.30  lr=2.5e-05
15:51:07 INFO src.model_v25_resconv:   fold03 ep185  loss=0.0676  train=4.2  val=89.7  test=188.4  best_val=82.0  λ_Δ=0.30  lr=1.4e-05
15:51:08 INFO src.model_v25_resconv:   fold03 ep190  loss=0.0682  train=3.8  val=89.1  test=188.8  best_val=82.0  λ_Δ=0.30  lr=6.5e-06
15:51:09 INFO src.model_v25_resconv:   fold03 ep195  loss=0.0679  train=3.5  val=89.0  test=189.5  best_val=82.0  λ_Δ=0.30  lr=2.1e-06
15:51:10 INFO src.model_v25_resconv:   fold03 ep199  loss=0.0671  train=3.7  val=89.0  test=189.5  best_val=82.0  λ_Δ=0.30  lr=1.0e-06
15:51:10 INFO src.model_v25_resconv: Fold  3 done | val=82.0  test_MAE=189.5  test_RMSE=318.0
15:51:10 INFO src.model_v25_resconv: Fold  4 | train=4416 val=336 test=168 | test 2025-09-22 ~ 2025-09-28
15:51:11 INFO src.model_v25_resconv:   fold04 ep  0  loss=0.6532  train=105.5  val=151.3  test=118.7  best_val=151.3  λ_Δ=0.30  lr=1.9e-04
15:51:12 INFO src.model_v25_resconv:   fold04 ep  5  loss=0.4046  train=60.6  val=152.6  test=122.7  best_val=149.9  λ_Δ=0.30  lr=6.4e-04
15:51:13 INFO src.model_v25_resconv:   fold04 ep 10  loss=0.3703  train=57.6  val=145.1  test=118.5  best_val=142.6  λ_Δ=0.30  lr=1.0e-03
15:51:14 INFO src.model_v25_resconv:   fold04 ep 15  loss=0.3215  train=48.4  val=151.1  test=131.1  best_val=142.6  λ_Δ=0.30  lr=1.0e-03
15:51:14 INFO src.model_v25_resconv:   fold04 ep 20  loss=0.2848  train=38.2  val=139.6  test=120.7  best_val=139.6  λ_Δ=0.30  lr=9.9e-04
15:51:15 INFO src.model_v25_resconv:   fold04 ep 25  loss=0.2529  train=34.3  val=147.0  test=123.4  best_val=139.6  λ_Δ=0.30  lr=9.8e-04
15:51:16 INFO src.model_v25_resconv:   fold04 ep 30  loss=0.2334  train=33.7  val=147.0  test=126.5  best_val=139.6  λ_Δ=0.30  lr=9.7e-04
15:51:17 INFO src.model_v25_resconv:   fold04 ep 35  loss=0.2133  train=28.0  val=144.7  test=126.5  best_val=139.6  λ_Δ=0.30  lr=9.5e-04
15:51:18 INFO src.model_v25_resconv:   fold04 ep 40  loss=0.1979  train=27.7  val=151.1  test=125.9  best_val=139.6  λ_Δ=0.30  lr=9.4e-04
15:51:19 INFO src.model_v25_resconv:   fold04 ep 45  loss=0.1880  train=26.2  val=149.8  test=121.5  best_val=139.6  λ_Δ=0.30  lr=9.1e-04
15:51:20 INFO src.model_v25_resconv:   fold04 ep 50  loss=0.1748  train=22.0  val=141.4  test=125.8  best_val=139.6  λ_Δ=0.30  lr=8.9e-04
15:51:21 INFO src.model_v25_resconv:   fold04 ep 55  loss=0.1644  train=21.0  val=148.1  test=122.7  best_val=139.6  λ_Δ=0.30  lr=8.6e-04
15:51:22 INFO src.model_v25_resconv:   fold04 ep 60  loss=0.1570  train=22.7  val=145.1  test=124.9  best_val=139.6  λ_Δ=0.30  lr=8.3e-04
15:51:23 INFO src.model_v25_resconv:   fold04 ep 65  loss=0.1465  train=18.9  val=145.9  test=119.4  best_val=139.6  λ_Δ=0.30  lr=8.0e-04
15:51:24 INFO src.model_v25_resconv:   fold04 ep 70  loss=0.1397  train=16.5  val=146.4  test=127.0  best_val=139.6  λ_Δ=0.30  lr=7.7e-04
15:51:25 INFO src.model_v25_resconv:   fold04 ep 75  loss=0.1344  train=19.1  val=146.2  test=127.5  best_val=139.6  λ_Δ=0.30  lr=7.3e-04
15:51:26 INFO src.model_v25_resconv:   fold04 ep 80  loss=0.1314  train=17.4  val=146.3  test=126.2  best_val=139.6  λ_Δ=0.30  lr=6.9e-04
15:51:27 INFO src.model_v25_resconv:   fold04 ep 85  loss=0.1209  train=19.8  val=147.8  test=122.8  best_val=139.6  λ_Δ=0.30  lr=6.5e-04
15:51:28 INFO src.model_v25_resconv:   fold04 ep 90  loss=0.1184  train=14.9  val=145.6  test=127.5  best_val=139.6  λ_Δ=0.30  lr=6.2e-04
15:51:29 INFO src.model_v25_resconv:   fold04 ep 95  loss=0.1117  train=15.5  val=145.6  test=126.2  best_val=139.6  λ_Δ=0.30  lr=5.7e-04
15:51:30 INFO src.model_v25_resconv:   fold04 ep100  loss=0.1119  train=13.4  val=145.1  test=125.3  best_val=139.6  λ_Δ=0.30  lr=5.3e-04
15:51:31 INFO src.model_v25_resconv:   fold04 ep105  loss=0.1051  train=13.7  val=147.0  test=127.2  best_val=139.6  λ_Δ=0.30  lr=4.9e-04
15:51:32 INFO src.model_v25_resconv:   fold04 ep110  loss=0.1028  train=11.3  val=145.8  test=123.9  best_val=139.6  λ_Δ=0.30  lr=4.5e-04
15:51:33 INFO src.model_v25_resconv:   fold04 ep115  loss=0.0988  train=11.9  val=143.6  test=128.6  best_val=139.6  λ_Δ=0.30  lr=4.1e-04
15:51:34 INFO src.model_v25_resconv:   fold04 ep120  loss=0.0950  train=11.0  val=145.0  test=123.0  best_val=139.6  λ_Δ=0.30  lr=3.7e-04
15:51:35 INFO src.model_v25_resconv:   fold04 ep125  loss=0.0912  train=9.8  val=145.5  test=122.5  best_val=139.6  λ_Δ=0.30  lr=3.3e-04
15:51:36 INFO src.model_v25_resconv:   fold04 ep130  loss=0.0884  train=9.7  val=148.1  test=122.2  best_val=139.6  λ_Δ=0.30  lr=2.9e-04
15:51:37 INFO src.model_v25_resconv:   fold04 ep135  loss=0.0842  train=9.4  val=145.4  test=126.3  best_val=139.6  λ_Δ=0.30  lr=2.6e-04
15:51:37 INFO src.model_v25_resconv:   fold04 ep140  loss=0.0828  train=7.8  val=147.4  test=126.2  best_val=139.6  λ_Δ=0.30  lr=2.2e-04
15:51:38 INFO src.model_v25_resconv:   fold04 ep145  loss=0.0801  train=8.3  val=145.9  test=126.5  best_val=139.6  λ_Δ=0.30  lr=1.9e-04
15:51:39 INFO src.model_v25_resconv:   fold04 ep150  loss=0.0773  train=6.8  val=147.3  test=125.3  best_val=139.6  λ_Δ=0.30  lr=1.6e-04
15:51:40 INFO src.model_v25_resconv:   fold04 ep155  loss=0.0740  train=6.1  val=145.8  test=124.6  best_val=139.6  λ_Δ=0.30  lr=1.3e-04
15:51:41 INFO src.model_v25_resconv:   fold04 ep160  loss=0.0733  train=5.7  val=146.4  test=125.2  best_val=139.6  λ_Δ=0.30  lr=1.0e-04
15:51:42 INFO src.model_v25_resconv:   fold04 ep165  loss=0.0704  train=5.6  val=146.4  test=124.7  best_val=139.6  λ_Δ=0.30  lr=7.8e-05
15:51:43 INFO src.model_v25_resconv:   fold04 ep170  loss=0.0721  train=5.3  val=146.0  test=124.7  best_val=139.6  λ_Δ=0.30  lr=5.7e-05
15:51:44 INFO src.model_v25_resconv:   fold04 ep175  loss=0.0698  train=4.5  val=146.6  test=127.1  best_val=139.6  λ_Δ=0.30  lr=4.0e-05
15:51:45 INFO src.model_v25_resconv:   fold04 ep180  loss=0.0684  train=4.2  val=146.5  test=125.6  best_val=139.6  λ_Δ=0.30  lr=2.5e-05
15:51:46 INFO src.model_v25_resconv:   fold04 ep185  loss=0.0678  train=4.1  val=146.7  test=126.3  best_val=139.6  λ_Δ=0.30  lr=1.4e-05
15:51:47 INFO src.model_v25_resconv:   fold04 ep190  loss=0.0674  train=3.8  val=146.7  test=125.8  best_val=139.6  λ_Δ=0.30  lr=6.5e-06
15:51:48 INFO src.model_v25_resconv:   fold04 ep195  loss=0.0673  train=3.4  val=146.6  test=126.0  best_val=139.6  λ_Δ=0.30  lr=2.1e-06
15:51:49 INFO src.model_v25_resconv:   fold04 ep199  loss=0.0675  train=3.6  val=146.5  test=125.7  best_val=139.6  λ_Δ=0.30  lr=1.0e-06
15:51:49 INFO src.model_v25_resconv: Fold  4 done | val=139.6  test_MAE=125.7  test_RMSE=183.1
15:51:49 INFO src.model_v25_resconv: Fold  5 | train=4416 val=336 test=168 | test 2025-09-29 ~ 2025-10-05
15:51:49 INFO src.model_v25_resconv:   fold05 ep  0  loss=0.6532  train=103.1  val=171.5  test=145.1  best_val=171.5  λ_Δ=0.30  lr=1.9e-04
15:51:50 INFO src.model_v25_resconv:   fold05 ep  5  loss=0.4093  train=65.5  val=177.8  test=128.1  best_val=166.7  λ_Δ=0.30  lr=6.4e-04
15:51:51 INFO src.model_v25_resconv:   fold05 ep 10  loss=0.3698  train=58.4  val=166.9  test=122.9  best_val=166.7  λ_Δ=0.30  lr=1.0e-03
15:51:52 INFO src.model_v25_resconv:   fold05 ep 15  loss=0.3216  train=43.4  val=163.5  test=123.5  best_val=161.8  λ_Δ=0.30  lr=1.0e-03
15:51:53 INFO src.model_v25_resconv:   fold05 ep 20  loss=0.2859  train=38.2  val=167.6  test=125.7  best_val=161.8  λ_Δ=0.30  lr=9.9e-04
15:51:54 INFO src.model_v25_resconv:   fold05 ep 25  loss=0.2527  train=33.6  val=167.5  test=126.3  best_val=161.8  λ_Δ=0.30  lr=9.8e-04
15:51:55 INFO src.model_v25_resconv:   fold05 ep 30  loss=0.2364  train=31.4  val=169.1  test=122.6  best_val=160.5  λ_Δ=0.30  lr=9.7e-04
15:51:56 INFO src.model_v25_resconv:   fold05 ep 35  loss=0.2167  train=29.0  val=165.1  test=128.2  best_val=160.5  λ_Δ=0.30  lr=9.5e-04
15:51:57 INFO src.model_v25_resconv:   fold05 ep 40  loss=0.1993  train=28.6  val=164.7  test=118.8  best_val=159.7  λ_Δ=0.30  lr=9.4e-04
15:51:58 INFO src.model_v25_resconv:   fold05 ep 45  loss=0.1871  train=23.4  val=161.1  test=120.6  best_val=159.4  λ_Δ=0.30  lr=9.1e-04
15:51:59 INFO src.model_v25_resconv:   fold05 ep 50  loss=0.1773  train=24.0  val=163.8  test=120.5  best_val=158.7  λ_Δ=0.30  lr=8.9e-04
15:52:00 INFO src.model_v25_resconv:   fold05 ep 55  loss=0.1655  train=22.0  val=158.9  test=118.0  best_val=158.4  λ_Δ=0.30  lr=8.6e-04
15:52:01 INFO src.model_v25_resconv:   fold05 ep 60  loss=0.1545  train=19.9  val=160.0  test=121.8  best_val=158.2  λ_Δ=0.30  lr=8.3e-04
15:52:02 INFO src.model_v25_resconv:   fold05 ep 65  loss=0.1484  train=18.2  val=156.3  test=115.8  best_val=156.3  λ_Δ=0.30  lr=8.0e-04
15:52:03 INFO src.model_v25_resconv:   fold05 ep 70  loss=0.1441  train=19.9  val=155.8  test=118.4  best_val=155.8  λ_Δ=0.30  lr=7.7e-04
15:52:04 INFO src.model_v25_resconv:   fold05 ep 75  loss=0.1356  train=16.5  val=154.5  test=114.6  best_val=154.5  λ_Δ=0.30  lr=7.3e-04
15:52:05 INFO src.model_v25_resconv:   fold05 ep 80  loss=0.1315  train=15.2  val=158.0  test=118.5  best_val=154.5  λ_Δ=0.30  lr=6.9e-04
15:52:06 INFO src.model_v25_resconv:   fold05 ep 85  loss=0.1237  train=16.0  val=157.3  test=115.3  best_val=154.5  λ_Δ=0.30  lr=6.5e-04
15:52:07 INFO src.model_v25_resconv:   fold05 ep 90  loss=0.1222  train=14.7  val=160.1  test=117.7  best_val=154.5  λ_Δ=0.30  lr=6.2e-04
15:52:08 INFO src.model_v25_resconv:   fold05 ep 95  loss=0.1142  train=13.9  val=157.1  test=120.0  best_val=154.5  λ_Δ=0.30  lr=5.7e-04
15:52:09 INFO src.model_v25_resconv:   fold05 ep100  loss=0.1108  train=12.7  val=158.8  test=116.5  best_val=154.5  λ_Δ=0.30  lr=5.3e-04
15:52:10 INFO src.model_v25_resconv:   fold05 ep105  loss=0.1052  train=13.2  val=153.3  test=115.6  best_val=153.3  λ_Δ=0.30  lr=4.9e-04
15:52:11 INFO src.model_v25_resconv:   fold05 ep110  loss=0.1042  train=11.0  val=156.2  test=118.0  best_val=153.3  λ_Δ=0.30  lr=4.5e-04
15:52:12 INFO src.model_v25_resconv:   fold05 ep115  loss=0.0989  train=10.5  val=155.1  test=114.7  best_val=153.3  λ_Δ=0.30  lr=4.1e-04
15:52:13 INFO src.model_v25_resconv:   fold05 ep120  loss=0.0944  train=10.3  val=155.2  test=118.7  best_val=153.3  λ_Δ=0.30  lr=3.7e-04
15:52:14 INFO src.model_v25_resconv:   fold05 ep125  loss=0.0916  train=10.0  val=156.0  test=119.4  best_val=153.3  λ_Δ=0.30  lr=3.3e-04
15:52:15 INFO src.model_v25_resconv:   fold05 ep130  loss=0.0893  train=9.1  val=158.1  test=119.4  best_val=153.3  λ_Δ=0.30  lr=2.9e-04
15:52:15 INFO src.model_v25_resconv:   fold05 ep135  loss=0.0841  train=8.0  val=157.2  test=117.8  best_val=153.3  λ_Δ=0.30  lr=2.6e-04
15:52:16 INFO src.model_v25_resconv:   fold05 ep140  loss=0.0829  train=8.0  val=158.3  test=120.7  best_val=153.3  λ_Δ=0.30  lr=2.2e-04
15:52:17 INFO src.model_v25_resconv:   fold05 ep145  loss=0.0811  train=7.1  val=156.0  test=119.1  best_val=153.3  λ_Δ=0.30  lr=1.9e-04
15:52:18 INFO src.model_v25_resconv:   fold05 ep150  loss=0.0781  train=6.7  val=157.9  test=118.0  best_val=153.3  λ_Δ=0.30  lr=1.6e-04
15:52:19 INFO src.model_v25_resconv:   fold05 ep155  loss=0.0758  train=6.3  val=157.5  test=118.8  best_val=153.3  λ_Δ=0.30  lr=1.3e-04
15:52:20 INFO src.model_v25_resconv:   fold05 ep160  loss=0.0722  train=5.7  val=156.6  test=120.2  best_val=153.3  λ_Δ=0.30  lr=1.0e-04
15:52:21 INFO src.model_v25_resconv:   fold05 ep165  loss=0.0699  train=5.6  val=156.1  test=119.7  best_val=153.3  λ_Δ=0.30  lr=7.8e-05
15:52:22 INFO src.model_v25_resconv:   fold05 ep170  loss=0.0719  train=5.0  val=156.7  test=120.8  best_val=153.3  λ_Δ=0.30  lr=5.7e-05
15:52:23 INFO src.model_v25_resconv:   fold05 ep175  loss=0.0681  train=4.1  val=155.4  test=119.7  best_val=153.3  λ_Δ=0.30  lr=4.0e-05
15:52:24 INFO src.model_v25_resconv:   fold05 ep180  loss=0.0676  train=4.1  val=156.5  test=119.0  best_val=153.3  λ_Δ=0.30  lr=2.5e-05
15:52:25 INFO src.model_v25_resconv:   fold05 ep185  loss=0.0653  train=4.0  val=156.0  test=120.5  best_val=153.3  λ_Δ=0.30  lr=1.4e-05
15:52:26 INFO src.model_v25_resconv:   fold05 ep190  loss=0.0661  train=3.6  val=156.5  test=119.6  best_val=153.3  λ_Δ=0.30  lr=6.5e-06
15:52:27 INFO src.model_v25_resconv:   fold05 ep195  loss=0.0668  train=3.5  val=156.0  test=119.7  best_val=153.3  λ_Δ=0.30  lr=2.1e-06
15:52:28 INFO src.model_v25_resconv:   fold05 ep199  loss=0.0670  train=3.5  val=156.3  test=119.9  best_val=153.3  λ_Δ=0.30  lr=1.0e-06
15:52:28 INFO src.model_v25_resconv: Fold  5 done | val=153.3  test_MAE=119.9  test_RMSE=198.2
15:52:28 INFO src.model_v25_resconv: Fold  6 | train=4416 val=336 test=168 | test 2025-10-06 ~ 2025-10-12
15:52:28 INFO src.model_v25_resconv:   fold06 ep  0  loss=0.6518  train=107.9  val=133.5  test=361.0  best_val=133.5  λ_Δ=0.30  lr=1.9e-04
15:52:29 INFO src.model_v25_resconv:   fold06 ep  5  loss=0.4134  train=71.7  val=114.2  test=302.5  best_val=114.2  λ_Δ=0.30  lr=6.4e-04
15:52:30 INFO src.model_v25_resconv:   fold06 ep 10  loss=0.3781  train=60.0  val=131.2  test=321.0  best_val=114.2  λ_Δ=0.30  lr=1.0e-03
15:52:31 INFO src.model_v25_resconv:   fold06 ep 15  loss=0.3136  train=47.8  val=131.3  test=322.8  best_val=114.2  λ_Δ=0.30  lr=1.0e-03
15:52:32 INFO src.model_v25_resconv:   fold06 ep 20  loss=0.2766  train=41.8  val=128.3  test=330.6  best_val=114.2  λ_Δ=0.30  lr=9.9e-04
15:52:33 INFO src.model_v25_resconv:   fold06 ep 25  loss=0.2605  train=36.9  val=126.5  test=322.0  best_val=114.2  λ_Δ=0.30  lr=9.8e-04
15:52:34 INFO src.model_v25_resconv:   fold06 ep 30  loss=0.2381  train=33.4  val=121.2  test=327.9  best_val=114.2  λ_Δ=0.30  lr=9.7e-04
15:52:35 INFO src.model_v25_resconv:   fold06 ep 35  loss=0.2153  train=29.7  val=127.7  test=321.1  best_val=114.2  λ_Δ=0.30  lr=9.5e-04
15:52:36 INFO src.model_v25_resconv:   fold06 ep 40  loss=0.2048  train=27.1  val=131.4  test=332.6  best_val=114.2  λ_Δ=0.30  lr=9.4e-04
15:52:37 INFO src.model_v25_resconv:   fold06 ep 45  loss=0.1879  train=27.6  val=118.3  test=326.8  best_val=114.2  λ_Δ=0.30  lr=9.1e-04
15:52:38 INFO src.model_v25_resconv:   fold06 ep 50  loss=0.1801  train=25.2  val=117.3  test=318.2  best_val=114.2  λ_Δ=0.30  lr=8.9e-04
15:52:39 INFO src.model_v25_resconv:   fold06 ep 55  loss=0.1694  train=22.2  val=123.3  test=338.2  best_val=114.2  λ_Δ=0.30  lr=8.6e-04
15:52:40 INFO src.model_v25_resconv:   fold06 ep 60  loss=0.1574  train=22.6  val=120.0  test=329.4  best_val=114.2  λ_Δ=0.30  lr=8.3e-04
15:52:41 INFO src.model_v25_resconv:   fold06 ep 65  loss=0.1487  train=20.6  val=125.5  test=328.4  best_val=114.2  λ_Δ=0.30  lr=8.0e-04
15:52:42 INFO src.model_v25_resconv:   fold06 ep 70  loss=0.1435  train=19.7  val=124.3  test=321.5  best_val=114.2  λ_Δ=0.30  lr=7.7e-04
15:52:43 INFO src.model_v25_resconv:   fold06 ep 75  loss=0.1333  train=17.9  val=120.4  test=331.7  best_val=114.2  λ_Δ=0.30  lr=7.3e-04
15:52:44 INFO src.model_v25_resconv:   fold06 ep 80  loss=0.1316  train=17.5  val=124.8  test=332.3  best_val=114.2  λ_Δ=0.30  lr=6.9e-04
15:52:45 INFO src.model_v25_resconv:   fold06 ep 85  loss=0.1275  train=16.7  val=120.9  test=331.4  best_val=114.2  λ_Δ=0.30  lr=6.5e-04
15:52:46 INFO src.model_v25_resconv:   fold06 ep 90  loss=0.1199  train=16.0  val=119.7  test=338.7  best_val=114.2  λ_Δ=0.30  lr=6.2e-04
15:52:47 INFO src.model_v25_resconv:   fold06 ep 95  loss=0.1136  train=15.8  val=120.0  test=331.5  best_val=114.2  λ_Δ=0.30  lr=5.7e-04
15:52:48 INFO src.model_v25_resconv:   fold06 ep100  loss=0.1129  train=13.4  val=121.9  test=334.6  best_val=114.2  λ_Δ=0.30  lr=5.3e-04
15:52:49 INFO src.model_v25_resconv:   fold06 ep105  loss=0.1046  train=13.4  val=122.1  test=331.8  best_val=114.2  λ_Δ=0.30  lr=4.9e-04
15:52:49 INFO src.model_v25_resconv:   fold06 ep110  loss=0.1021  train=12.0  val=121.0  test=331.8  best_val=114.2  λ_Δ=0.30  lr=4.5e-04
15:52:51 INFO src.model_v25_resconv:   fold06 ep115  loss=0.0996  train=12.1  val=122.7  test=336.6  best_val=114.2  λ_Δ=0.30  lr=4.1e-04
15:52:51 INFO src.model_v25_resconv:   fold06 ep120  loss=0.0967  train=10.3  val=119.9  test=328.7  best_val=114.2  λ_Δ=0.30  lr=3.7e-04
15:52:52 INFO src.model_v25_resconv:   fold06 ep125  loss=0.0916  train=11.2  val=121.3  test=327.9  best_val=114.2  λ_Δ=0.30  lr=3.3e-04
15:52:53 INFO src.model_v25_resconv:   fold06 ep130  loss=0.0875  train=9.8  val=122.1  test=331.8  best_val=114.2  λ_Δ=0.30  lr=2.9e-04
15:52:54 INFO src.model_v25_resconv:   fold06 ep135  loss=0.0858  train=9.0  val=121.2  test=330.6  best_val=114.2  λ_Δ=0.30  lr=2.6e-04
15:52:55 INFO src.model_v25_resconv:   fold06 ep140  loss=0.0822  train=9.5  val=122.4  test=337.3  best_val=114.2  λ_Δ=0.30  lr=2.2e-04
15:52:56 INFO src.model_v25_resconv:   fold06 ep145  loss=0.0812  train=7.2  val=120.7  test=327.9  best_val=114.2  λ_Δ=0.30  lr=1.9e-04
15:52:57 INFO src.model_v25_resconv:   fold06 ep150  loss=0.0786  train=7.2  val=120.7  test=327.7  best_val=114.2  λ_Δ=0.30  lr=1.6e-04
15:52:58 INFO src.model_v25_resconv:   fold06 ep155  loss=0.0760  train=6.1  val=121.0  test=328.4  best_val=114.2  λ_Δ=0.30  lr=1.3e-04
15:52:59 INFO src.model_v25_resconv:   fold06 ep160  loss=0.0740  train=6.0  val=121.5  test=330.0  best_val=114.2  λ_Δ=0.30  lr=1.0e-04
15:53:00 INFO src.model_v25_resconv:   fold06 ep165  loss=0.0713  train=5.4  val=122.3  test=329.5  best_val=114.2  λ_Δ=0.30  lr=7.8e-05
15:53:01 INFO src.model_v25_resconv:   fold06 ep170  loss=0.0706  train=5.2  val=121.6  test=328.7  best_val=114.2  λ_Δ=0.30  lr=5.7e-05
15:53:02 INFO src.model_v25_resconv:   fold06 ep175  loss=0.0684  train=4.4  val=121.9  test=329.4  best_val=114.2  λ_Δ=0.30  lr=4.0e-05
15:53:03 INFO src.model_v25_resconv:   fold06 ep180  loss=0.0680  train=4.2  val=121.1  test=328.7  best_val=114.2  λ_Δ=0.30  lr=2.5e-05
15:53:04 INFO src.model_v25_resconv:   fold06 ep185  loss=0.0684  train=4.1  val=121.7  test=328.9  best_val=114.2  λ_Δ=0.30  lr=1.4e-05
15:53:05 INFO src.model_v25_resconv:   fold06 ep190  loss=0.0680  train=3.8  val=121.8  test=329.9  best_val=114.2  λ_Δ=0.30  lr=6.5e-06
15:53:06 INFO src.model_v25_resconv:   fold06 ep195  loss=0.0676  train=3.7  val=121.7  test=329.7  best_val=114.2  λ_Δ=0.30  lr=2.1e-06
15:53:07 INFO src.model_v25_resconv:   fold06 ep199  loss=0.0674  train=3.4  val=121.6  test=328.5  best_val=114.2  λ_Δ=0.30  lr=1.0e-06
15:53:07 INFO src.model_v25_resconv: Fold  6 done | val=114.2  test_MAE=328.5  test_RMSE=451.5
15:53:07 INFO src.model_v25_resconv: Fold  7 | train=4416 val=336 test=168 | test 2025-10-13 ~ 2025-10-19
15:53:07 INFO src.model_v25_resconv:   fold07 ep  0  loss=0.6512  train=107.8  val=250.8  test=208.8  best_val=250.8  λ_Δ=0.30  lr=1.9e-04
15:53:08 INFO src.model_v25_resconv:   fold07 ep  5  loss=0.4200  train=70.6  val=222.3  test=196.0  best_val=220.3  λ_Δ=0.30  lr=6.4e-04
15:53:09 INFO src.model_v25_resconv:   fold07 ep 10  loss=0.3819  train=64.2  val=216.5  test=157.5  best_val=216.5  λ_Δ=0.30  lr=1.0e-03
15:53:10 INFO src.model_v25_resconv:   fold07 ep 15  loss=0.3174  train=51.1  val=211.9  test=172.7  best_val=207.8  λ_Δ=0.30  lr=1.0e-03
15:53:11 INFO src.model_v25_resconv:   fold07 ep 20  loss=0.2908  train=43.5  val=229.1  test=200.5  best_val=207.8  λ_Δ=0.30  lr=9.9e-04
15:53:12 INFO src.model_v25_resconv:   fold07 ep 25  loss=0.2612  train=36.0  val=214.3  test=193.3  best_val=207.8  λ_Δ=0.30  lr=9.8e-04
15:53:13 INFO src.model_v25_resconv:   fold07 ep 30  loss=0.2356  train=32.2  val=219.3  test=201.1  best_val=203.2  λ_Δ=0.30  lr=9.7e-04
15:53:14 INFO src.model_v25_resconv:   fold07 ep 35  loss=0.2200  train=29.0  val=216.7  test=190.2  best_val=203.2  λ_Δ=0.30  lr=9.5e-04
15:53:15 INFO src.model_v25_resconv:   fold07 ep 40  loss=0.2010  train=27.5  val=223.6  test=191.6  best_val=203.2  λ_Δ=0.30  lr=9.4e-04
15:53:16 INFO src.model_v25_resconv:   fold07 ep 45  loss=0.1878  train=25.5  val=224.1  test=197.9  best_val=203.2  λ_Δ=0.30  lr=9.1e-04
15:53:17 INFO src.model_v25_resconv:   fold07 ep 50  loss=0.1822  train=23.6  val=212.1  test=190.2  best_val=203.2  λ_Δ=0.30  lr=8.9e-04
15:53:18 INFO src.model_v25_resconv:   fold07 ep 55  loss=0.1673  train=22.6  val=219.6  test=198.8  best_val=203.2  λ_Δ=0.30  lr=8.6e-04
15:53:19 INFO src.model_v25_resconv:   fold07 ep 60  loss=0.1588  train=22.6  val=224.6  test=190.2  best_val=203.2  λ_Δ=0.30  lr=8.3e-04
15:53:20 INFO src.model_v25_resconv:   fold07 ep 65  loss=0.1454  train=18.9  val=218.5  test=193.2  best_val=203.2  λ_Δ=0.30  lr=8.0e-04
15:53:21 INFO src.model_v25_resconv:   fold07 ep 70  loss=0.1437  train=19.3  val=214.5  test=193.0  best_val=203.2  λ_Δ=0.30  lr=7.7e-04
15:53:22 INFO src.model_v25_resconv:   fold07 ep 75  loss=0.1354  train=17.7  val=218.2  test=188.0  best_val=203.2  λ_Δ=0.30  lr=7.3e-04
15:53:23 INFO src.model_v25_resconv:   fold07 ep 80  loss=0.1306  train=17.0  val=215.2  test=193.9  best_val=203.2  λ_Δ=0.30  lr=6.9e-04
15:53:24 INFO src.model_v25_resconv:   fold07 ep 85  loss=0.1278  train=15.7  val=219.7  test=187.9  best_val=203.2  λ_Δ=0.30  lr=6.5e-04
15:53:25 INFO src.model_v25_resconv:   fold07 ep 90  loss=0.1190  train=15.4  val=218.4  test=191.3  best_val=203.2  λ_Δ=0.30  lr=6.2e-04
15:53:26 INFO src.model_v25_resconv:   fold07 ep 95  loss=0.1141  train=14.8  val=220.5  test=195.9  best_val=203.2  λ_Δ=0.30  lr=5.7e-04
15:53:27 INFO src.model_v25_resconv:   fold07 ep100  loss=0.1122  train=14.4  val=219.5  test=199.4  best_val=203.2  λ_Δ=0.30  lr=5.3e-04
15:53:28 INFO src.model_v25_resconv:   fold07 ep105  loss=0.1079  train=13.3  val=218.1  test=191.0  best_val=203.2  λ_Δ=0.30  lr=4.9e-04
15:53:29 INFO src.model_v25_resconv:   fold07 ep110  loss=0.1030  train=12.7  val=220.7  test=200.0  best_val=203.2  λ_Δ=0.30  lr=4.5e-04
15:53:30 INFO src.model_v25_resconv:   fold07 ep115  loss=0.1002  train=12.5  val=219.2  test=195.1  best_val=203.2  λ_Δ=0.30  lr=4.1e-04
15:53:31 INFO src.model_v25_resconv:   fold07 ep120  loss=0.0966  train=10.9  val=217.1  test=191.8  best_val=203.2  λ_Δ=0.30  lr=3.7e-04
15:53:32 INFO src.model_v25_resconv:   fold07 ep125  loss=0.0916  train=10.3  val=218.5  test=192.3  best_val=203.2  λ_Δ=0.30  lr=3.3e-04
15:53:33 INFO src.model_v25_resconv:   fold07 ep130  loss=0.0879  train=9.1  val=221.9  test=194.0  best_val=203.2  λ_Δ=0.30  lr=2.9e-04
15:53:33 INFO src.model_v25_resconv:   fold07 ep135  loss=0.0870  train=8.6  val=218.4  test=192.8  best_val=203.2  λ_Δ=0.30  lr=2.6e-04
15:53:34 INFO src.model_v25_resconv:   fold07 ep140  loss=0.0847  train=8.4  val=218.6  test=192.2  best_val=203.2  λ_Δ=0.30  lr=2.2e-04
15:53:35 INFO src.model_v25_resconv:   fold07 ep145  loss=0.0809  train=7.7  val=219.7  test=190.3  best_val=203.2  λ_Δ=0.30  lr=1.9e-04
15:53:36 INFO src.model_v25_resconv:   fold07 ep150  loss=0.0781  train=6.9  val=219.4  test=193.2  best_val=203.2  λ_Δ=0.30  lr=1.6e-04
15:53:37 INFO src.model_v25_resconv:   fold07 ep155  loss=0.0754  train=6.3  val=218.7  test=193.6  best_val=203.2  λ_Δ=0.30  lr=1.3e-04
15:53:38 INFO src.model_v25_resconv:   fold07 ep160  loss=0.0750  train=5.9  val=219.4  test=193.3  best_val=203.2  λ_Δ=0.30  lr=1.0e-04
15:53:39 INFO src.model_v25_resconv:   fold07 ep165  loss=0.0721  train=6.0  val=219.1  test=192.8  best_val=203.2  λ_Δ=0.30  lr=7.8e-05
15:53:40 INFO src.model_v25_resconv:   fold07 ep170  loss=0.0708  train=4.9  val=219.0  test=194.3  best_val=203.2  λ_Δ=0.30  lr=5.7e-05
15:53:41 INFO src.model_v25_resconv:   fold07 ep175  loss=0.0707  train=4.5  val=220.1  test=194.6  best_val=203.2  λ_Δ=0.30  lr=4.0e-05
15:53:42 INFO src.model_v25_resconv:   fold07 ep180  loss=0.0690  train=4.1  val=219.2  test=194.4  best_val=203.2  λ_Δ=0.30  lr=2.5e-05
15:53:43 INFO src.model_v25_resconv:   fold07 ep185  loss=0.0682  train=3.9  val=218.7  test=194.6  best_val=203.2  λ_Δ=0.30  lr=1.4e-05
15:53:44 INFO src.model_v25_resconv:   fold07 ep190  loss=0.0676  train=3.8  val=219.3  test=195.2  best_val=203.2  λ_Δ=0.30  lr=6.5e-06
15:53:45 INFO src.model_v25_resconv:   fold07 ep195  loss=0.0688  train=4.0  val=219.7  test=195.8  best_val=203.2  λ_Δ=0.30  lr=2.1e-06
15:53:46 INFO src.model_v25_resconv:   fold07 ep199  loss=0.0674  train=3.6  val=219.6  test=195.3  best_val=203.2  λ_Δ=0.30  lr=1.0e-06
15:53:46 INFO src.model_v25_resconv: Fold  7 done | val=203.2  test_MAE=195.3  test_RMSE=273.5
15:53:46 INFO src.model_v25_resconv: Fold  8 | train=4392 val=336 test=168 | test 2025-10-20 ~ 2025-10-26
15:53:46 INFO src.model_v25_resconv:   fold08 ep  0  loss=0.6656  train=111.2  val=278.0  test=148.0  best_val=278.0  λ_Δ=0.30  lr=1.9e-04
15:53:47 INFO src.model_v25_resconv:   fold08 ep  5  loss=0.4221  train=70.8  val=233.4  test=175.0  best_val=233.4  λ_Δ=0.30  lr=6.4e-04
15:53:48 INFO src.model_v25_resconv:   fold08 ep 10  loss=0.3835  train=60.3  val=225.4  test=192.0  best_val=225.4  λ_Δ=0.30  lr=1.0e-03
15:53:49 INFO src.model_v25_resconv:   fold08 ep 15  loss=0.3331  train=46.4  val=252.0  test=193.9  best_val=225.4  λ_Δ=0.30  lr=1.0e-03
15:53:50 INFO src.model_v25_resconv:   fold08 ep 20  loss=0.2948  train=42.6  val=241.7  test=206.4  best_val=225.4  λ_Δ=0.30  lr=9.9e-04
15:53:51 INFO src.model_v25_resconv:   fold08 ep 25  loss=0.2699  train=38.2  val=254.9  test=187.4  best_val=225.4  λ_Δ=0.30  lr=9.8e-04
15:53:52 INFO src.model_v25_resconv:   fold08 ep 30  loss=0.2396  train=33.3  val=253.6  test=182.5  best_val=225.4  λ_Δ=0.30  lr=9.7e-04
15:53:53 INFO src.model_v25_resconv:   fold08 ep 35  loss=0.2237  train=28.0  val=251.4  test=191.8  best_val=225.4  λ_Δ=0.30  lr=9.5e-04
15:53:54 INFO src.model_v25_resconv:   fold08 ep 40  loss=0.2096  train=27.0  val=252.6  test=186.6  best_val=225.4  λ_Δ=0.30  lr=9.4e-04
15:53:55 INFO src.model_v25_resconv:   fold08 ep 45  loss=0.1969  train=26.0  val=247.4  test=187.0  best_val=225.4  λ_Δ=0.30  lr=9.1e-04
15:53:56 INFO src.model_v25_resconv:   fold08 ep 50  loss=0.1829  train=25.6  val=256.6  test=188.9  best_val=225.4  λ_Δ=0.30  lr=8.9e-04
15:53:57 INFO src.model_v25_resconv:   fold08 ep 55  loss=0.1706  train=23.2  val=260.5  test=188.1  best_val=225.4  λ_Δ=0.30  lr=8.6e-04
15:53:58 INFO src.model_v25_resconv:   fold08 ep 60  loss=0.1594  train=21.4  val=266.9  test=187.9  best_val=225.4  λ_Δ=0.30  lr=8.3e-04
15:53:59 INFO src.model_v25_resconv:   fold08 ep 65  loss=0.1557  train=20.7  val=246.5  test=185.3  best_val=225.4  λ_Δ=0.30  lr=8.0e-04
15:54:00 INFO src.model_v25_resconv:   fold08 ep 70  loss=0.1472  train=19.7  val=256.2  test=183.1  best_val=225.4  λ_Δ=0.30  lr=7.7e-04
15:54:01 INFO src.model_v25_resconv:   fold08 ep 75  loss=0.1392  train=19.3  val=247.7  test=183.5  best_val=225.4  λ_Δ=0.30  lr=7.3e-04
15:54:02 INFO src.model_v25_resconv:   fold08 ep 80  loss=0.1335  train=17.2  val=259.9  test=191.7  best_val=225.4  λ_Δ=0.30  lr=6.9e-04
15:54:03 INFO src.model_v25_resconv:   fold08 ep 85  loss=0.1277  train=16.5  val=254.2  test=188.6  best_val=225.4  λ_Δ=0.30  lr=6.5e-04
15:54:04 INFO src.model_v25_resconv:   fold08 ep 90  loss=0.1241  train=15.0  val=252.0  test=180.7  best_val=225.4  λ_Δ=0.30  lr=6.2e-04
15:54:05 INFO src.model_v25_resconv:   fold08 ep 95  loss=0.1189  train=15.4  val=253.5  test=178.9  best_val=225.4  λ_Δ=0.30  lr=5.7e-04
15:54:06 INFO src.model_v25_resconv:   fold08 ep100  loss=0.1128  train=13.7  val=247.0  test=170.8  best_val=225.4  λ_Δ=0.30  lr=5.3e-04
15:54:06 INFO src.model_v25_resconv:   fold08 ep105  loss=0.1079  train=13.4  val=249.3  test=182.2  best_val=225.4  λ_Δ=0.30  lr=4.9e-04
15:54:08 INFO src.model_v25_resconv:   fold08 ep110  loss=0.1040  train=12.0  val=249.3  test=176.2  best_val=225.4  λ_Δ=0.30  lr=4.5e-04
15:54:08 INFO src.model_v25_resconv:   fold08 ep115  loss=0.1010  train=11.5  val=251.0  test=180.5  best_val=225.4  λ_Δ=0.30  lr=4.1e-04
15:54:09 INFO src.model_v25_resconv:   fold08 ep120  loss=0.0961  train=10.6  val=252.4  test=177.0  best_val=225.4  λ_Δ=0.30  lr=3.7e-04
15:54:10 INFO src.model_v25_resconv:   fold08 ep125  loss=0.0910  train=9.7  val=251.7  test=177.6  best_val=225.4  λ_Δ=0.30  lr=3.3e-04
15:54:11 INFO src.model_v25_resconv:   fold08 ep130  loss=0.0886  train=9.6  val=252.5  test=175.9  best_val=225.4  λ_Δ=0.30  lr=2.9e-04
15:54:12 INFO src.model_v25_resconv:   fold08 ep135  loss=0.0845  train=9.2  val=253.2  test=174.3  best_val=225.4  λ_Δ=0.30  lr=2.6e-04
15:54:13 INFO src.model_v25_resconv:   fold08 ep140  loss=0.0811  train=8.0  val=252.2  test=172.8  best_val=225.4  λ_Δ=0.30  lr=2.2e-04
15:54:14 INFO src.model_v25_resconv:   fold08 ep145  loss=0.0807  train=8.6  val=254.7  test=174.1  best_val=225.4  λ_Δ=0.30  lr=1.9e-04
15:54:15 INFO src.model_v25_resconv:   fold08 ep150  loss=0.0785  train=7.2  val=255.3  test=176.3  best_val=225.4  λ_Δ=0.30  lr=1.6e-04
15:54:16 INFO src.model_v25_resconv:   fold08 ep155  loss=0.0753  train=6.8  val=255.6  test=175.1  best_val=225.4  λ_Δ=0.30  lr=1.3e-04
15:54:17 INFO src.model_v25_resconv:   fold08 ep160  loss=0.0732  train=5.8  val=254.2  test=177.2  best_val=225.4  λ_Δ=0.30  lr=1.0e-04
15:54:18 INFO src.model_v25_resconv:   fold08 ep165  loss=0.0740  train=5.8  val=253.7  test=175.7  best_val=225.4  λ_Δ=0.30  lr=7.8e-05
15:54:19 INFO src.model_v25_resconv:   fold08 ep170  loss=0.0710  train=5.3  val=253.0  test=176.2  best_val=225.4  λ_Δ=0.30  lr=5.7e-05
15:54:20 INFO src.model_v25_resconv:   fold08 ep175  loss=0.0708  train=4.7  val=254.4  test=176.6  best_val=225.4  λ_Δ=0.30  lr=4.0e-05
15:54:21 INFO src.model_v25_resconv:   fold08 ep180  loss=0.0683  train=4.5  val=254.7  test=176.9  best_val=225.4  λ_Δ=0.30  lr=2.5e-05
15:54:22 INFO src.model_v25_resconv:   fold08 ep185  loss=0.0692  train=3.9  val=254.1  test=176.0  best_val=225.4  λ_Δ=0.30  lr=1.4e-05
15:54:23 INFO src.model_v25_resconv:   fold08 ep190  loss=0.0669  train=3.8  val=253.7  test=175.9  best_val=225.4  λ_Δ=0.30  lr=6.5e-06
15:54:24 INFO src.model_v25_resconv:   fold08 ep195  loss=0.0669  train=3.6  val=253.9  test=176.1  best_val=225.4  λ_Δ=0.30  lr=2.1e-06
15:54:25 INFO src.model_v25_resconv:   fold08 ep199  loss=0.0670  train=3.6  val=254.2  test=175.6  best_val=225.4  λ_Δ=0.30  lr=1.0e-06
15:54:25 INFO src.model_v25_resconv: Fold  8 done | val=225.4  test_MAE=175.6  test_RMSE=255.6
15:54:25 INFO src.model_v25_resconv: Fold  9 | train=4392 val=336 test=168 | test 2025-10-27 ~ 2025-11-02
15:54:25 INFO src.model_v25_resconv:   fold09 ep  0  loss=0.6569  train=117.8  val=169.4  test=105.8  best_val=169.4  λ_Δ=0.30  lr=1.9e-04
15:54:26 INFO src.model_v25_resconv:   fold09 ep  5  loss=0.4159  train=77.1  val=165.6  test=138.7  best_val=163.0  λ_Δ=0.30  lr=6.4e-04
15:54:27 INFO src.model_v25_resconv:   fold09 ep 10  loss=0.3881  train=65.1  val=169.1  test=132.1  best_val=163.0  λ_Δ=0.30  lr=1.0e-03
15:54:28 INFO src.model_v25_resconv:   fold09 ep 15  loss=0.3337  train=59.5  val=176.4  test=136.1  best_val=163.0  λ_Δ=0.30  lr=1.0e-03
15:54:29 INFO src.model_v25_resconv:   fold09 ep 20  loss=0.2929  train=48.7  val=189.3  test=130.5  best_val=163.0  λ_Δ=0.30  lr=9.9e-04
15:54:30 INFO src.model_v25_resconv:   fold09 ep 25  loss=0.2667  train=38.6  val=178.8  test=134.2  best_val=163.0  λ_Δ=0.30  lr=9.8e-04
15:54:31 INFO src.model_v25_resconv:   fold09 ep 30  loss=0.2434  train=34.4  val=182.9  test=122.0  best_val=163.0  λ_Δ=0.30  lr=9.7e-04
15:54:32 INFO src.model_v25_resconv:   fold09 ep 35  loss=0.2286  train=32.3  val=183.3  test=127.3  best_val=163.0  λ_Δ=0.30  lr=9.5e-04
15:54:33 INFO src.model_v25_resconv:   fold09 ep 40  loss=0.2099  train=30.9  val=187.4  test=130.2  best_val=163.0  λ_Δ=0.30  lr=9.4e-04
15:54:34 INFO src.model_v25_resconv:   fold09 ep 45  loss=0.1962  train=27.2  val=188.2  test=133.7  best_val=163.0  λ_Δ=0.30  lr=9.1e-04
15:54:35 INFO src.model_v25_resconv:   fold09 ep 50  loss=0.1838  train=26.7  val=179.7  test=128.4  best_val=163.0  λ_Δ=0.30  lr=8.9e-04
15:54:36 INFO src.model_v25_resconv:   fold09 ep 55  loss=0.1727  train=24.8  val=179.3  test=123.7  best_val=163.0  λ_Δ=0.30  lr=8.6e-04
15:54:37 INFO src.model_v25_resconv:   fold09 ep 60  loss=0.1589  train=24.5  val=177.4  test=128.7  best_val=163.0  λ_Δ=0.30  lr=8.3e-04
15:54:38 INFO src.model_v25_resconv:   fold09 ep 65  loss=0.1517  train=23.7  val=181.4  test=120.3  best_val=163.0  λ_Δ=0.30  lr=8.0e-04
15:54:39 INFO src.model_v25_resconv:   fold09 ep 70  loss=0.1440  train=21.6  val=185.6  test=131.9  best_val=163.0  λ_Δ=0.30  lr=7.7e-04
15:54:40 INFO src.model_v25_resconv:   fold09 ep 75  loss=0.1360  train=21.7  val=175.5  test=125.1  best_val=163.0  λ_Δ=0.30  lr=7.3e-04
15:54:40 INFO src.model_v25_resconv:   fold09 ep 80  loss=0.1322  train=18.4  val=180.2  test=120.2  best_val=163.0  λ_Δ=0.30  lr=6.9e-04
15:54:41 INFO src.model_v25_resconv:   fold09 ep 85  loss=0.1243  train=17.6  val=176.5  test=126.1  best_val=163.0  λ_Δ=0.30  lr=6.5e-04
15:54:42 INFO src.model_v25_resconv:   fold09 ep 90  loss=0.1206  train=18.4  val=176.7  test=119.8  best_val=163.0  λ_Δ=0.30  lr=6.2e-04
15:54:43 INFO src.model_v25_resconv:   fold09 ep 95  loss=0.1135  train=15.9  val=178.2  test=116.7  best_val=163.0  λ_Δ=0.30  lr=5.7e-04
15:54:44 INFO src.model_v25_resconv:   fold09 ep100  loss=0.1109  train=15.3  val=176.4  test=127.0  best_val=163.0  λ_Δ=0.30  lr=5.3e-04
15:54:45 INFO src.model_v25_resconv:   fold09 ep105  loss=0.1052  train=13.9  val=176.4  test=120.7  best_val=163.0  λ_Δ=0.30  lr=4.9e-04
15:54:46 INFO src.model_v25_resconv:   fold09 ep110  loss=0.1020  train=13.3  val=178.2  test=121.5  best_val=163.0  λ_Δ=0.30  lr=4.5e-04
15:54:47 INFO src.model_v25_resconv:   fold09 ep115  loss=0.0994  train=12.0  val=176.6  test=127.8  best_val=163.0  λ_Δ=0.30  lr=4.1e-04
15:54:48 INFO src.model_v25_resconv:   fold09 ep120  loss=0.0953  train=11.3  val=181.5  test=125.2  best_val=163.0  λ_Δ=0.30  lr=3.7e-04
15:54:49 INFO src.model_v25_resconv:   fold09 ep125  loss=0.0905  train=10.7  val=178.5  test=123.1  best_val=163.0  λ_Δ=0.30  lr=3.3e-04
15:54:50 INFO src.model_v25_resconv:   fold09 ep130  loss=0.0869  train=11.2  val=173.4  test=120.8  best_val=163.0  λ_Δ=0.30  lr=2.9e-04
15:54:51 INFO src.model_v25_resconv:   fold09 ep135  loss=0.0864  train=10.3  val=179.2  test=125.4  best_val=163.0  λ_Δ=0.30  lr=2.6e-04
15:54:52 INFO src.model_v25_resconv:   fold09 ep140  loss=0.0812  train=8.5  val=173.3  test=119.8  best_val=163.0  λ_Δ=0.30  lr=2.2e-04
15:54:53 INFO src.model_v25_resconv:   fold09 ep145  loss=0.0805  train=8.2  val=174.0  test=120.5  best_val=163.0  λ_Δ=0.30  lr=1.9e-04
15:54:54 INFO src.model_v25_resconv:   fold09 ep150  loss=0.0758  train=7.8  val=173.9  test=119.6  best_val=163.0  λ_Δ=0.30  lr=1.6e-04
15:54:55 INFO src.model_v25_resconv:   fold09 ep155  loss=0.0759  train=7.1  val=177.5  test=122.1  best_val=163.0  λ_Δ=0.30  lr=1.3e-04
15:54:56 INFO src.model_v25_resconv:   fold09 ep160  loss=0.0741  train=6.7  val=176.6  test=120.1  best_val=163.0  λ_Δ=0.30  lr=1.0e-04
15:54:57 INFO src.model_v25_resconv:   fold09 ep165  loss=0.0716  train=5.9  val=175.9  test=120.0  best_val=163.0  λ_Δ=0.30  lr=7.8e-05
15:54:58 INFO src.model_v25_resconv:   fold09 ep170  loss=0.0712  train=5.7  val=176.9  test=120.9  best_val=163.0  λ_Δ=0.30  lr=5.7e-05
15:54:59 INFO src.model_v25_resconv:   fold09 ep175  loss=0.0705  train=4.8  val=176.1  test=120.8  best_val=163.0  λ_Δ=0.30  lr=4.0e-05
15:54:59 INFO src.model_v25_resconv:   fold09 ep180  loss=0.0689  train=4.6  val=174.9  test=120.3  best_val=163.0  λ_Δ=0.30  lr=2.5e-05
15:55:00 INFO src.model_v25_resconv:   fold09 ep185  loss=0.0679  train=4.4  val=174.7  test=120.1  best_val=163.0  λ_Δ=0.30  lr=1.4e-05
15:55:01 INFO src.model_v25_resconv:   fold09 ep190  loss=0.0671  train=4.0  val=174.6  test=119.7  best_val=163.0  λ_Δ=0.30  lr=6.5e-06
15:55:02 INFO src.model_v25_resconv:   fold09 ep195  loss=0.0675  train=4.1  val=175.2  test=120.8  best_val=163.0  λ_Δ=0.30  lr=2.1e-06
15:55:03 INFO src.model_v25_resconv:   fold09 ep199  loss=0.0698  train=3.8  val=174.7  test=120.9  best_val=163.0  λ_Δ=0.30  lr=1.0e-06
15:55:03 INFO src.model_v25_resconv: Fold  9 done | val=163.0  test_MAE=120.9  test_RMSE=158.1
15:55:03 INFO src.model_v25_resconv: Fold 10 | train=4392 val=336 test=168 | test 2025-11-03 ~ 2025-11-09
15:55:04 INFO src.model_v25_resconv:   fold10 ep  0  loss=0.6608  train=119.5  val=126.3  test=90.5  best_val=126.3  λ_Δ=0.30  lr=1.9e-04
15:55:05 INFO src.model_v25_resconv:   fold10 ep  5  loss=0.4321  train=81.8  val=169.3  test=88.1  best_val=126.3  λ_Δ=0.30  lr=6.4e-04
15:55:06 INFO src.model_v25_resconv:   fold10 ep 10  loss=0.3945  train=68.7  val=165.7  test=70.4  best_val=126.3  λ_Δ=0.30  lr=1.0e-03
15:55:07 INFO src.model_v25_resconv:   fold10 ep 15  loss=0.3285  train=55.8  val=145.4  test=57.6  best_val=126.3  λ_Δ=0.30  lr=1.0e-03
15:55:08 INFO src.model_v25_resconv:   fold10 ep 20  loss=0.2919  train=44.8  val=154.1  test=70.2  best_val=126.3  λ_Δ=0.30  lr=9.9e-04
15:55:08 INFO src.model_v25_resconv:   fold10 ep 25  loss=0.2693  train=40.3  val=158.3  test=74.7  best_val=126.3  λ_Δ=0.30  lr=9.8e-04
15:55:09 INFO src.model_v25_resconv:   fold10 ep 30  loss=0.2484  train=36.5  val=153.9  test=69.3  best_val=126.3  λ_Δ=0.30  lr=9.7e-04
15:55:10 INFO src.model_v25_resconv:   fold10 ep 35  loss=0.2289  train=36.1  val=167.8  test=91.9  best_val=126.3  λ_Δ=0.30  lr=9.5e-04
15:55:11 INFO src.model_v25_resconv:   fold10 ep 40  loss=0.2107  train=34.2  val=163.1  test=64.8  best_val=126.3  λ_Δ=0.30  lr=9.4e-04
15:55:12 INFO src.model_v25_resconv:   fold10 ep 45  loss=0.1927  train=28.3  val=167.0  test=74.9  best_val=126.3  λ_Δ=0.30  lr=9.1e-04
15:55:13 INFO src.model_v25_resconv:   fold10 ep 50  loss=0.1829  train=26.4  val=158.9  test=75.1  best_val=126.3  λ_Δ=0.30  lr=8.9e-04
15:55:14 INFO src.model_v25_resconv:   fold10 ep 55  loss=0.1685  train=23.9  val=158.1  test=59.1  best_val=126.3  λ_Δ=0.30  lr=8.6e-04
15:55:15 INFO src.model_v25_resconv:   fold10 ep 60  loss=0.1608  train=22.9  val=154.0  test=57.5  best_val=126.3  λ_Δ=0.30  lr=8.3e-04
15:55:16 INFO src.model_v25_resconv:   fold10 ep 65  loss=0.1510  train=23.2  val=158.0  test=66.0  best_val=126.3  λ_Δ=0.30  lr=8.0e-04
15:55:17 INFO src.model_v25_resconv:   fold10 ep 70  loss=0.1461  train=20.3  val=153.0  test=66.9  best_val=126.3  λ_Δ=0.30  lr=7.7e-04
15:55:18 INFO src.model_v25_resconv:   fold10 ep 75  loss=0.1408  train=20.6  val=158.7  test=64.7  best_val=126.3  λ_Δ=0.30  lr=7.3e-04
15:55:19 INFO src.model_v25_resconv:   fold10 ep 80  loss=0.1290  train=17.5  val=155.8  test=64.1  best_val=126.3  λ_Δ=0.30  lr=6.9e-04
15:55:20 INFO src.model_v25_resconv:   fold10 ep 85  loss=0.1250  train=18.5  val=151.6  test=68.7  best_val=126.3  λ_Δ=0.30  lr=6.5e-04
15:55:21 INFO src.model_v25_resconv:   fold10 ep 90  loss=0.1249  train=16.7  val=151.2  test=65.0  best_val=126.3  λ_Δ=0.30  lr=6.2e-04
15:55:22 INFO src.model_v25_resconv:   fold10 ep 95  loss=0.1158  train=15.8  val=152.1  test=66.3  best_val=126.3  λ_Δ=0.30  lr=5.7e-04
15:55:23 INFO src.model_v25_resconv:   fold10 ep100  loss=0.1096  train=15.3  val=156.2  test=67.3  best_val=126.3  λ_Δ=0.30  lr=5.3e-04
15:55:24 INFO src.model_v25_resconv:   fold10 ep105  loss=0.1059  train=14.4  val=165.5  test=64.4  best_val=126.3  λ_Δ=0.30  lr=4.9e-04
15:55:25 INFO src.model_v25_resconv:   fold10 ep110  loss=0.1025  train=13.3  val=156.8  test=64.9  best_val=126.3  λ_Δ=0.30  lr=4.5e-04
15:55:26 INFO src.model_v25_resconv:   fold10 ep115  loss=0.1008  train=12.5  val=150.8  test=64.2  best_val=126.3  λ_Δ=0.30  lr=4.1e-04
15:55:26 INFO src.model_v25_resconv:   fold10 ep120  loss=0.0933  train=11.2  val=151.1  test=65.8  best_val=126.3  λ_Δ=0.30  lr=3.7e-04
15:55:27 INFO src.model_v25_resconv:   fold10 ep125  loss=0.0902  train=10.6  val=151.2  test=65.4  best_val=126.3  λ_Δ=0.30  lr=3.3e-04
15:55:28 INFO src.model_v25_resconv:   fold10 ep130  loss=0.0878  train=10.6  val=151.1  test=64.2  best_val=126.3  λ_Δ=0.30  lr=2.9e-04
15:55:29 INFO src.model_v25_resconv:   fold10 ep135  loss=0.0839  train=9.4  val=150.0  test=60.3  best_val=126.3  λ_Δ=0.30  lr=2.6e-04
15:55:30 INFO src.model_v25_resconv:   fold10 ep140  loss=0.0818  train=8.7  val=150.6  test=63.9  best_val=126.3  λ_Δ=0.30  lr=2.2e-04
15:55:31 INFO src.model_v25_resconv:   fold10 ep145  loss=0.0795  train=9.0  val=152.8  test=61.7  best_val=126.3  λ_Δ=0.30  lr=1.9e-04
15:55:32 INFO src.model_v25_resconv:   fold10 ep150  loss=0.0767  train=7.3  val=155.4  test=64.3  best_val=126.3  λ_Δ=0.30  lr=1.6e-04
15:55:33 INFO src.model_v25_resconv:   fold10 ep155  loss=0.0739  train=7.0  val=154.4  test=64.5  best_val=126.3  λ_Δ=0.30  lr=1.3e-04
15:55:34 INFO src.model_v25_resconv:   fold10 ep160  loss=0.0721  train=6.4  val=156.1  test=64.7  best_val=126.3  λ_Δ=0.30  lr=1.0e-04
15:55:35 INFO src.model_v25_resconv:   fold10 ep165  loss=0.0724  train=5.7  val=157.1  test=65.6  best_val=126.3  λ_Δ=0.30  lr=7.8e-05
15:55:36 INFO src.model_v25_resconv:   fold10 ep170  loss=0.0715  train=5.6  val=156.6  test=63.9  best_val=126.3  λ_Δ=0.30  lr=5.7e-05
15:55:37 INFO src.model_v25_resconv:   fold10 ep175  loss=0.0696  train=4.6  val=156.6  test=64.1  best_val=126.3  λ_Δ=0.30  lr=4.0e-05
15:55:38 INFO src.model_v25_resconv:   fold10 ep180  loss=0.0685  train=5.1  val=154.4  test=62.5  best_val=126.3  λ_Δ=0.30  lr=2.5e-05
15:55:39 INFO src.model_v25_resconv:   fold10 ep185  loss=0.0676  train=4.4  val=154.5  test=62.2  best_val=126.3  λ_Δ=0.30  lr=1.4e-05
15:55:40 INFO src.model_v25_resconv:   fold10 ep190  loss=0.0657  train=4.0  val=155.1  test=62.8  best_val=126.3  λ_Δ=0.30  lr=6.5e-06
15:55:41 INFO src.model_v25_resconv:   fold10 ep195  loss=0.0673  train=4.1  val=155.2  test=62.5  best_val=126.3  λ_Δ=0.30  lr=2.1e-06
15:55:41 INFO src.model_v25_resconv:   fold10 ep199  loss=0.0678  train=4.0  val=154.7  test=62.1  best_val=126.3  λ_Δ=0.30  lr=1.0e-06
15:55:41 INFO src.model_v25_resconv: Fold 10 done | val=126.3  test_MAE=62.1  test_RMSE=90.1
15:55:42 INFO src.model_v25_resconv: Fold 11 | train=4392 val=336 test=168 | test 2025-11-10 ~ 2025-11-16
15:55:42 INFO src.model_v25_resconv:   fold11 ep  0  loss=0.6671  train=119.0  val=104.4  test=56.3  best_val=104.4  λ_Δ=0.30  lr=1.9e-04
15:55:43 INFO src.model_v25_resconv:   fold11 ep  5  loss=0.4224  train=76.4  val=115.8  test=66.7  best_val=104.4  λ_Δ=0.30  lr=6.4e-04
15:55:44 INFO src.model_v25_resconv:   fold11 ep 10  loss=0.3966  train=68.4  val=114.0  test=90.8  best_val=104.4  λ_Δ=0.30  lr=1.0e-03
15:55:45 INFO src.model_v25_resconv:   fold11 ep 15  loss=0.3464  train=60.1  val=121.5  test=93.6  best_val=104.4  λ_Δ=0.30  lr=1.0e-03
15:55:46 INFO src.model_v25_resconv:   fold11 ep 20  loss=0.3047  train=46.5  val=96.9  test=89.8  best_val=96.0  λ_Δ=0.30  lr=9.9e-04
15:55:47 INFO src.model_v25_resconv:   fold11 ep 25  loss=0.2746  train=39.6  val=95.9  test=78.5  best_val=91.9  λ_Δ=0.30  lr=9.8e-04
15:55:48 INFO src.model_v25_resconv:   fold11 ep 30  loss=0.2526  train=41.9  val=122.2  test=74.5  best_val=91.9  λ_Δ=0.30  lr=9.7e-04
15:55:49 INFO src.model_v25_resconv:   fold11 ep 35  loss=0.2301  train=32.6  val=98.1  test=90.6  best_val=91.9  λ_Δ=0.30  lr=9.5e-04
15:55:50 INFO src.model_v25_resconv:   fold11 ep 40  loss=0.2111  train=29.5  val=98.3  test=90.6  best_val=91.9  λ_Δ=0.30  lr=9.4e-04
15:55:50 INFO src.model_v25_resconv:   fold11 ep 45  loss=0.1928  train=30.0  val=92.1  test=88.6  best_val=91.9  λ_Δ=0.30  lr=9.1e-04
15:55:51 INFO src.model_v25_resconv:   fold11 ep 50  loss=0.1856  train=24.9  val=103.1  test=73.8  best_val=91.9  λ_Δ=0.30  lr=8.9e-04
15:55:52 INFO src.model_v25_resconv:   fold11 ep 55  loss=0.1705  train=23.3  val=98.5  test=64.0  best_val=91.9  λ_Δ=0.30  lr=8.6e-04
15:55:53 INFO src.model_v25_resconv:   fold11 ep 60  loss=0.1590  train=22.9  val=96.4  test=62.1  best_val=91.1  λ_Δ=0.30  lr=8.3e-04
15:55:54 INFO src.model_v25_resconv:   fold11 ep 65  loss=0.1531  train=22.0  val=96.6  test=76.7  best_val=89.8  λ_Δ=0.30  lr=8.0e-04
15:55:55 INFO src.model_v25_resconv:   fold11 ep 70  loss=0.1478  train=21.6  val=95.6  test=65.2  best_val=89.8  λ_Δ=0.30  lr=7.7e-04
15:55:56 INFO src.model_v25_resconv:   fold11 ep 75  loss=0.1417  train=19.7  val=95.8  test=63.9  best_val=89.8  λ_Δ=0.30  lr=7.3e-04
15:55:57 INFO src.model_v25_resconv:   fold11 ep 80  loss=0.1366  train=17.5  val=98.6  test=79.0  best_val=89.8  λ_Δ=0.30  lr=6.9e-04
15:55:58 INFO src.model_v25_resconv:   fold11 ep 85  loss=0.1294  train=17.9  val=97.3  test=82.7  best_val=89.8  λ_Δ=0.30  lr=6.5e-04
15:55:59 INFO src.model_v25_resconv:   fold11 ep 90  loss=0.1214  train=16.5  val=99.9  test=63.0  best_val=89.8  λ_Δ=0.30  lr=6.2e-04
15:56:00 INFO src.model_v25_resconv:   fold11 ep 95  loss=0.1174  train=16.2  val=94.5  test=66.1  best_val=89.8  λ_Δ=0.30  lr=5.7e-04
15:56:01 INFO src.model_v25_resconv:   fold11 ep100  loss=0.1158  train=15.5  val=96.3  test=72.4  best_val=89.8  λ_Δ=0.30  lr=5.3e-04
15:56:02 INFO src.model_v25_resconv:   fold11 ep105  loss=0.1106  train=14.3  val=95.1  test=66.7  best_val=89.8  λ_Δ=0.30  lr=4.9e-04
15:56:03 INFO src.model_v25_resconv:   fold11 ep110  loss=0.1052  train=13.4  val=93.6  test=71.7  best_val=88.9  λ_Δ=0.30  lr=4.5e-04
15:56:04 INFO src.model_v25_resconv:   fold11 ep115  loss=0.1014  train=12.7  val=94.7  test=74.9  best_val=88.9  λ_Δ=0.30  lr=4.1e-04
15:56:05 INFO src.model_v25_resconv:   fold11 ep120  loss=0.0972  train=12.3  val=95.6  test=60.9  best_val=88.9  λ_Δ=0.30  lr=3.7e-04
15:56:05 INFO src.model_v25_resconv:   fold11 ep125  loss=0.0928  train=10.9  val=99.4  test=65.7  best_val=88.9  λ_Δ=0.30  lr=3.3e-04
15:56:06 INFO src.model_v25_resconv:   fold11 ep130  loss=0.0907  train=11.1  val=94.4  test=63.3  best_val=88.9  λ_Δ=0.30  lr=2.9e-04
15:56:07 INFO src.model_v25_resconv:   fold11 ep135  loss=0.0856  train=9.5  val=94.2  test=62.6  best_val=88.9  λ_Δ=0.30  lr=2.6e-04
15:56:08 INFO src.model_v25_resconv:   fold11 ep140  loss=0.0843  train=8.6  val=94.5  test=64.3  best_val=88.9  λ_Δ=0.30  lr=2.2e-04
15:56:09 INFO src.model_v25_resconv:   fold11 ep145  loss=0.0839  train=9.0  val=94.6  test=69.1  best_val=88.9  λ_Δ=0.30  lr=1.9e-04
15:56:10 INFO src.model_v25_resconv:   fold11 ep150  loss=0.0782  train=7.6  val=95.5  test=66.1  best_val=88.9  λ_Δ=0.30  lr=1.6e-04
15:56:11 INFO src.model_v25_resconv:   fold11 ep155  loss=0.0754  train=7.3  val=93.6  test=67.6  best_val=88.9  λ_Δ=0.30  lr=1.3e-04
15:56:12 INFO src.model_v25_resconv:   fold11 ep160  loss=0.0756  train=6.5  val=93.0  test=65.8  best_val=88.9  λ_Δ=0.30  lr=1.0e-04
15:56:13 INFO src.model_v25_resconv:   fold11 ep165  loss=0.0729  train=6.0  val=95.9  test=68.1  best_val=88.9  λ_Δ=0.30  lr=7.8e-05
15:56:14 INFO src.model_v25_resconv:   fold11 ep170  loss=0.0704  train=5.5  val=96.0  test=67.2  best_val=88.9  λ_Δ=0.30  lr=5.7e-05
15:56:15 INFO src.model_v25_resconv:   fold11 ep175  loss=0.0713  train=4.9  val=95.1  test=65.0  best_val=88.9  λ_Δ=0.30  lr=4.0e-05
15:56:16 INFO src.model_v25_resconv:   fold11 ep180  loss=0.0693  train=4.6  val=94.2  test=65.6  best_val=88.9  λ_Δ=0.30  lr=2.5e-05
15:56:17 INFO src.model_v25_resconv:   fold11 ep185  loss=0.0691  train=4.3  val=94.7  test=66.8  best_val=88.9  λ_Δ=0.30  lr=1.4e-05
15:56:18 INFO src.model_v25_resconv:   fold11 ep190  loss=0.0682  train=4.0  val=95.2  test=66.6  best_val=88.9  λ_Δ=0.30  lr=6.5e-06
15:56:19 INFO src.model_v25_resconv:   fold11 ep195  loss=0.0690  train=4.0  val=94.9  test=65.4  best_val=88.9  λ_Δ=0.30  lr=2.1e-06
15:56:19 INFO src.model_v25_resconv:   fold11 ep199  loss=0.0689  train=4.0  val=95.1  test=65.4  best_val=88.9  λ_Δ=0.30  lr=1.0e-06
15:56:19 INFO src.model_v25_resconv: Fold 11 done | val=88.9  test_MAE=65.4  test_RMSE=84.1
15:56:20 INFO src.model_v25_resconv: Fold 12 | train=4416 val=336 test=168 | test 2025-11-17 ~ 2025-11-23
15:56:20 INFO src.model_v25_resconv:   fold12 ep  0  loss=0.6603  train=117.0  val=75.7  test=121.7  best_val=75.7  λ_Δ=0.30  lr=1.9e-04
15:56:21 INFO src.model_v25_resconv:   fold12 ep  5  loss=0.4282  train=79.3  val=120.1  test=207.5  best_val=75.7  λ_Δ=0.30  lr=6.4e-04
15:56:22 INFO src.model_v25_resconv:   fold12 ep 10  loss=0.3845  train=65.9  val=128.6  test=240.1  best_val=75.7  λ_Δ=0.30  lr=1.0e-03
15:56:23 INFO src.model_v25_resconv:   fold12 ep 15  loss=0.3328  train=55.3  val=101.3  test=175.3  best_val=75.7  λ_Δ=0.30  lr=1.0e-03
15:56:24 INFO src.model_v25_resconv:   fold12 ep 20  loss=0.2984  train=46.2  val=96.1  test=179.5  best_val=75.7  λ_Δ=0.30  lr=9.9e-04
15:56:25 INFO src.model_v25_resconv:   fold12 ep 25  loss=0.2707  train=43.5  val=111.1  test=212.6  best_val=75.7  λ_Δ=0.30  lr=9.8e-04
15:56:26 INFO src.model_v25_resconv:   fold12 ep 30  loss=0.2437  train=36.6  val=105.9  test=197.1  best_val=75.7  λ_Δ=0.30  lr=9.7e-04
15:56:27 INFO src.model_v25_resconv:   fold12 ep 35  loss=0.2243  train=30.9  val=87.7  test=156.0  best_val=75.7  λ_Δ=0.30  lr=9.5e-04
15:56:28 INFO src.model_v25_resconv:   fold12 ep 40  loss=0.2095  train=32.0  val=86.4  test=150.1  best_val=75.7  λ_Δ=0.30  lr=9.4e-04
15:56:29 INFO src.model_v25_resconv:   fold12 ep 45  loss=0.1908  train=26.4  val=116.5  test=207.8  best_val=75.7  λ_Δ=0.30  lr=9.1e-04
15:56:29 INFO src.model_v25_resconv:   fold12 ep 50  loss=0.1842  train=25.8  val=95.1  test=177.5  best_val=75.7  λ_Δ=0.30  lr=8.9e-04
15:56:30 INFO src.model_v25_resconv:   fold12 ep 55  loss=0.1695  train=24.2  val=106.4  test=197.2  best_val=75.7  λ_Δ=0.30  lr=8.6e-04
15:56:31 INFO src.model_v25_resconv:   fold12 ep 60  loss=0.1595  train=22.8  val=92.1  test=153.4  best_val=75.7  λ_Δ=0.30  lr=8.3e-04
15:56:32 INFO src.model_v25_resconv:   fold12 ep 65  loss=0.1530  train=22.8  val=100.1  test=181.2  best_val=75.7  λ_Δ=0.30  lr=8.0e-04
15:56:33 INFO src.model_v25_resconv:   fold12 ep 70  loss=0.1442  train=21.0  val=99.8  test=177.7  best_val=75.7  λ_Δ=0.30  lr=7.7e-04
15:56:34 INFO src.model_v25_resconv:   fold12 ep 75  loss=0.1362  train=20.8  val=95.0  test=151.3  best_val=75.7  λ_Δ=0.30  lr=7.3e-04
15:56:35 INFO src.model_v25_resconv:   fold12 ep 80  loss=0.1278  train=18.9  val=94.8  test=160.2  best_val=75.7  λ_Δ=0.30  lr=6.9e-04
15:56:36 INFO src.model_v25_resconv:   fold12 ep 85  loss=0.1251  train=17.2  val=90.3  test=156.5  best_val=75.7  λ_Δ=0.30  lr=6.5e-04
15:56:37 INFO src.model_v25_resconv:   fold12 ep 90  loss=0.1195  train=17.1  val=91.6  test=164.8  best_val=75.7  λ_Δ=0.30  lr=6.2e-04
15:56:38 INFO src.model_v25_resconv:   fold12 ep 95  loss=0.1165  train=16.3  val=99.7  test=190.6  best_val=75.7  λ_Δ=0.30  lr=5.7e-04
15:56:39 INFO src.model_v25_resconv:   fold12 ep100  loss=0.1135  train=14.1  val=91.2  test=168.4  best_val=75.7  λ_Δ=0.30  lr=5.3e-04
15:56:40 INFO src.model_v25_resconv:   fold12 ep105  loss=0.1057  train=14.3  val=95.5  test=165.9  best_val=75.7  λ_Δ=0.30  lr=4.9e-04
15:56:41 INFO src.model_v25_resconv:   fold12 ep110  loss=0.1060  train=14.1  val=83.3  test=149.1  best_val=75.7  λ_Δ=0.30  lr=4.5e-04
15:56:42 INFO src.model_v25_resconv:   fold12 ep115  loss=0.0978  train=13.0  val=87.8  test=156.2  best_val=75.7  λ_Δ=0.30  lr=4.1e-04
15:56:43 INFO src.model_v25_resconv:   fold12 ep120  loss=0.0933  train=11.4  val=95.0  test=169.1  best_val=75.7  λ_Δ=0.30  lr=3.7e-04
15:56:44 INFO src.model_v25_resconv:   fold12 ep125  loss=0.0909  train=10.8  val=92.1  test=162.8  best_val=75.7  λ_Δ=0.30  lr=3.3e-04
15:56:45 INFO src.model_v25_resconv:   fold12 ep130  loss=0.0863  train=9.4  val=93.0  test=166.8  best_val=75.7  λ_Δ=0.30  lr=2.9e-04
15:56:46 INFO src.model_v25_resconv:   fold12 ep135  loss=0.0854  train=9.9  val=91.3  test=171.2  best_val=75.7  λ_Δ=0.30  lr=2.6e-04
15:56:47 INFO src.model_v25_resconv:   fold12 ep140  loss=0.0823  train=9.2  val=89.8  test=165.4  best_val=75.7  λ_Δ=0.30  lr=2.2e-04
15:56:48 INFO src.model_v25_resconv:   fold12 ep145  loss=0.0789  train=8.4  val=92.8  test=170.6  best_val=75.7  λ_Δ=0.30  lr=1.9e-04
15:56:49 INFO src.model_v25_resconv:   fold12 ep150  loss=0.0764  train=7.2  val=91.5  test=171.5  best_val=75.7  λ_Δ=0.30  lr=1.6e-04
15:56:50 INFO src.model_v25_resconv:   fold12 ep155  loss=0.0732  train=6.7  val=90.8  test=164.7  best_val=75.7  λ_Δ=0.30  lr=1.3e-04
15:56:51 INFO src.model_v25_resconv:   fold12 ep160  loss=0.0734  train=6.2  val=89.1  test=165.3  best_val=75.7  λ_Δ=0.30  lr=1.0e-04
15:56:51 INFO src.model_v25_resconv:   fold12 ep165  loss=0.0697  train=6.1  val=90.6  test=165.2  best_val=75.7  λ_Δ=0.30  lr=7.8e-05
15:56:52 INFO src.model_v25_resconv:   fold12 ep170  loss=0.0701  train=5.6  val=90.0  test=163.9  best_val=75.7  λ_Δ=0.30  lr=5.7e-05
15:56:53 INFO src.model_v25_resconv:   fold12 ep175  loss=0.0670  train=5.0  val=87.6  test=161.0  best_val=75.7  λ_Δ=0.30  lr=4.0e-05
15:56:54 INFO src.model_v25_resconv:   fold12 ep180  loss=0.0681  train=4.6  val=90.1  test=164.2  best_val=75.7  λ_Δ=0.30  lr=2.5e-05
15:56:55 INFO src.model_v25_resconv:   fold12 ep185  loss=0.0660  train=4.5  val=88.9  test=162.0  best_val=75.7  λ_Δ=0.30  lr=1.4e-05
15:56:56 INFO src.model_v25_resconv:   fold12 ep190  loss=0.0672  train=4.2  val=89.0  test=161.7  best_val=75.7  λ_Δ=0.30  lr=6.5e-06
15:56:57 INFO src.model_v25_resconv:   fold12 ep195  loss=0.0658  train=3.9  val=88.6  test=161.3  best_val=75.7  λ_Δ=0.30  lr=2.1e-06
15:56:58 INFO src.model_v25_resconv:   fold12 ep199  loss=0.0671  train=3.7  val=89.3  test=162.3  best_val=75.7  λ_Δ=0.30  lr=1.0e-06
15:56:58 INFO src.model_v25_resconv: Fold 12 done | val=75.7  test_MAE=162.3  test_RMSE=183.9
15:56:58 INFO src.model_v25_resconv: Fold 13 | train=4416 val=336 test=168 | test 2025-11-24 ~ 2025-11-30
15:56:58 INFO src.model_v25_resconv:   fold13 ep  0  loss=0.6521  train=115.4  val=101.2  test=154.1  best_val=101.2  λ_Δ=0.30  lr=1.9e-04
15:56:59 INFO src.model_v25_resconv:   fold13 ep  5  loss=0.4180  train=73.8  val=80.2  test=107.4  best_val=80.2  λ_Δ=0.30  lr=6.4e-04
15:57:00 INFO src.model_v25_resconv:   fold13 ep 10  loss=0.3848  train=63.2  val=104.6  test=174.7  best_val=80.2  λ_Δ=0.30  lr=1.0e-03
15:57:01 INFO src.model_v25_resconv:   fold13 ep 15  loss=0.3328  train=49.8  val=104.2  test=174.1  best_val=80.2  λ_Δ=0.30  lr=1.0e-03
15:57:02 INFO src.model_v25_resconv:   fold13 ep 20  loss=0.2894  train=44.7  val=92.0  test=155.6  best_val=80.2  λ_Δ=0.30  lr=9.9e-04
15:57:03 INFO src.model_v25_resconv:   fold13 ep 25  loss=0.2659  train=39.5  val=99.8  test=175.3  best_val=80.2  λ_Δ=0.30  lr=9.8e-04
15:57:04 INFO src.model_v25_resconv:   fold13 ep 30  loss=0.2422  train=36.4  val=107.5  test=185.0  best_val=80.2  λ_Δ=0.30  lr=9.7e-04
15:57:05 INFO src.model_v25_resconv:   fold13 ep 35  loss=0.2256  train=34.9  val=106.1  test=168.1  best_val=80.2  λ_Δ=0.30  lr=9.5e-04
15:57:06 INFO src.model_v25_resconv:   fold13 ep 40  loss=0.2104  train=30.1  val=94.8  test=175.5  best_val=80.2  λ_Δ=0.30  lr=9.4e-04
15:57:07 INFO src.model_v25_resconv:   fold13 ep 45  loss=0.1975  train=27.7  val=100.5  test=176.7  best_val=80.2  λ_Δ=0.30  lr=9.1e-04
15:57:08 INFO src.model_v25_resconv:   fold13 ep 50  loss=0.1775  train=27.6  val=100.7  test=169.3  best_val=80.2  λ_Δ=0.30  lr=8.9e-04
15:57:09 INFO src.model_v25_resconv:   fold13 ep 55  loss=0.1710  train=25.4  val=99.9  test=180.3  best_val=80.2  λ_Δ=0.30  lr=8.6e-04
15:57:10 INFO src.model_v25_resconv:   fold13 ep 60  loss=0.1606  train=24.9  val=98.0  test=162.2  best_val=80.2  λ_Δ=0.30  lr=8.3e-04
15:57:11 INFO src.model_v25_resconv:   fold13 ep 65  loss=0.1538  train=20.5  val=99.4  test=175.5  best_val=80.2  λ_Δ=0.30  lr=8.0e-04
15:57:12 INFO src.model_v25_resconv:   fold13 ep 70  loss=0.1442  train=20.8  val=93.9  test=159.5  best_val=80.2  λ_Δ=0.30  lr=7.7e-04
15:57:13 INFO src.model_v25_resconv:   fold13 ep 75  loss=0.1368  train=19.2  val=101.9  test=168.7  best_val=80.2  λ_Δ=0.30  lr=7.3e-04
15:57:13 INFO src.model_v25_resconv:   fold13 ep 80  loss=0.1338  train=18.9  val=104.2  test=173.9  best_val=80.2  λ_Δ=0.30  lr=6.9e-04
15:57:14 INFO src.model_v25_resconv:   fold13 ep 85  loss=0.1264  train=16.9  val=101.5  test=173.2  best_val=80.2  λ_Δ=0.30  lr=6.5e-04
15:57:15 INFO src.model_v25_resconv:   fold13 ep 90  loss=0.1209  train=16.7  val=96.9  test=163.6  best_val=80.2  λ_Δ=0.30  lr=6.2e-04
15:57:16 INFO src.model_v25_resconv:   fold13 ep 95  loss=0.1145  train=15.4  val=99.9  test=169.0  best_val=80.2  λ_Δ=0.30  lr=5.7e-04
15:57:17 INFO src.model_v25_resconv:   fold13 ep100  loss=0.1116  train=14.6  val=96.8  test=165.5  best_val=80.2  λ_Δ=0.30  lr=5.3e-04
15:57:18 INFO src.model_v25_resconv:   fold13 ep105  loss=0.1071  train=14.7  val=100.3  test=172.2  best_val=80.2  λ_Δ=0.30  lr=4.9e-04
15:57:19 INFO src.model_v25_resconv:   fold13 ep110  loss=0.1051  train=12.7  val=98.2  test=165.8  best_val=80.2  λ_Δ=0.30  lr=4.5e-04
15:57:20 INFO src.model_v25_resconv:   fold13 ep115  loss=0.0994  train=13.4  val=104.0  test=178.6  best_val=80.2  λ_Δ=0.30  lr=4.1e-04
15:57:21 INFO src.model_v25_resconv:   fold13 ep120  loss=0.0948  train=12.1  val=104.6  test=176.3  best_val=80.2  λ_Δ=0.30  lr=3.7e-04
15:57:22 INFO src.model_v25_resconv:   fold13 ep125  loss=0.0932  train=11.1  val=99.5  test=163.8  best_val=80.2  λ_Δ=0.30  lr=3.3e-04
15:57:23 INFO src.model_v25_resconv:   fold13 ep130  loss=0.0882  train=10.0  val=96.7  test=162.6  best_val=80.2  λ_Δ=0.30  lr=2.9e-04
15:57:24 INFO src.model_v25_resconv:   fold13 ep135  loss=0.0857  train=10.4  val=102.9  test=169.6  best_val=80.2  λ_Δ=0.30  lr=2.6e-04
15:57:25 INFO src.model_v25_resconv:   fold13 ep140  loss=0.0835  train=9.3  val=99.2  test=162.2  best_val=80.2  λ_Δ=0.30  lr=2.2e-04
15:57:26 INFO src.model_v25_resconv:   fold13 ep145  loss=0.0801  train=7.7  val=97.5  test=160.1  best_val=80.2  λ_Δ=0.30  lr=1.9e-04
15:57:27 INFO src.model_v25_resconv:   fold13 ep150  loss=0.0779  train=7.5  val=103.1  test=166.3  best_val=80.2  λ_Δ=0.30  lr=1.6e-04
15:57:27 INFO src.model_v25_resconv:   fold13 ep155  loss=0.0769  train=6.7  val=99.8  test=160.5  best_val=80.2  λ_Δ=0.30  lr=1.3e-04
15:57:28 INFO src.model_v25_resconv:   fold13 ep160  loss=0.0734  train=6.4  val=100.8  test=163.0  best_val=80.2  λ_Δ=0.30  lr=1.0e-04
15:57:29 INFO src.model_v25_resconv:   fold13 ep165  loss=0.0719  train=6.4  val=101.4  test=165.2  best_val=80.2  λ_Δ=0.30  lr=7.8e-05
15:57:30 INFO src.model_v25_resconv:   fold13 ep170  loss=0.0713  train=5.3  val=99.3  test=159.5  best_val=80.2  λ_Δ=0.30  lr=5.7e-05
15:57:31 INFO src.model_v25_resconv:   fold13 ep175  loss=0.0709  train=4.8  val=98.3  test=159.5  best_val=80.2  λ_Δ=0.30  lr=4.0e-05
15:57:32 INFO src.model_v25_resconv:   fold13 ep180  loss=0.0690  train=4.3  val=98.1  test=158.2  best_val=80.2  λ_Δ=0.30  lr=2.5e-05
15:57:33 INFO src.model_v25_resconv:   fold13 ep185  loss=0.0693  train=4.3  val=99.5  test=159.9  best_val=80.2  λ_Δ=0.30  lr=1.4e-05
15:57:34 INFO src.model_v25_resconv:   fold13 ep190  loss=0.0671  train=4.0  val=99.8  test=160.0  best_val=80.2  λ_Δ=0.30  lr=6.5e-06
15:57:35 INFO src.model_v25_resconv:   fold13 ep195  loss=0.0674  train=3.7  val=99.6  test=160.2  best_val=80.2  λ_Δ=0.30  lr=2.1e-06
15:57:36 INFO src.model_v25_resconv:   fold13 ep199  loss=0.0669  train=3.7  val=99.4  test=159.6  best_val=80.2  λ_Δ=0.30  lr=1.0e-06
15:57:36 INFO src.model_v25_resconv: Fold 13 done | val=80.2  test_MAE=159.6  test_RMSE=178.4
15:57:36 INFO src.model_v25_resconv: Fold 14 | train=4416 val=336 test=168 | test 2025-12-01 ~ 2025-12-07
15:57:36 INFO src.model_v25_resconv:   fold14 ep  0  loss=0.6478  train=114.2  val=125.3  test=102.0  best_val=125.3  λ_Δ=0.30  lr=1.9e-04
15:57:37 INFO src.model_v25_resconv:   fold14 ep  5  loss=0.4095  train=75.5  val=123.7  test=142.2  best_val=110.3  λ_Δ=0.30  lr=6.4e-04
15:57:38 INFO src.model_v25_resconv:   fold14 ep 10  loss=0.3779  train=69.4  val=84.0  test=97.3  best_val=84.0  λ_Δ=0.30  lr=1.0e-03
15:57:39 INFO src.model_v25_resconv:   fold14 ep 15  loss=0.3270  train=53.5  val=116.7  test=116.1  best_val=84.0  λ_Δ=0.30  lr=1.0e-03
15:57:40 INFO src.model_v25_resconv:   fold14 ep 20  loss=0.2925  train=46.6  val=88.5  test=95.8  best_val=84.0  λ_Δ=0.30  lr=9.9e-04
15:57:41 INFO src.model_v25_resconv:   fold14 ep 25  loss=0.2634  train=41.5  val=98.2  test=111.5  best_val=84.0  λ_Δ=0.30  lr=9.8e-04
15:57:42 INFO src.model_v25_resconv:   fold14 ep 30  loss=0.2436  train=34.6  val=99.4  test=107.0  best_val=84.0  λ_Δ=0.30  lr=9.7e-04
15:57:43 INFO src.model_v25_resconv:   fold14 ep 35  loss=0.2240  train=33.1  val=104.3  test=113.8  best_val=84.0  λ_Δ=0.30  lr=9.5e-04
15:57:44 INFO src.model_v25_resconv:   fold14 ep 40  loss=0.2079  train=31.6  val=109.8  test=109.8  best_val=84.0  λ_Δ=0.30  lr=9.4e-04
15:57:45 INFO src.model_v25_resconv:   fold14 ep 45  loss=0.1920  train=27.4  val=105.7  test=110.2  best_val=84.0  λ_Δ=0.30  lr=9.1e-04
15:57:46 INFO src.model_v25_resconv:   fold14 ep 50  loss=0.1794  train=28.6  val=97.3  test=108.4  best_val=84.0  λ_Δ=0.30  lr=8.9e-04
15:57:47 INFO src.model_v25_resconv:   fold14 ep 55  loss=0.1700  train=23.3  val=99.8  test=109.3  best_val=84.0  λ_Δ=0.30  lr=8.6e-04
15:57:48 INFO src.model_v25_resconv:   fold14 ep 60  loss=0.1589  train=20.0  val=108.9  test=112.5  best_val=84.0  λ_Δ=0.30  lr=8.3e-04
15:57:49 INFO src.model_v25_resconv:   fold14 ep 65  loss=0.1490  train=22.7  val=107.1  test=108.0  best_val=84.0  λ_Δ=0.30  lr=8.0e-04
15:57:50 INFO src.model_v25_resconv:   fold14 ep 70  loss=0.1452  train=19.9  val=109.7  test=114.4  best_val=84.0  λ_Δ=0.30  lr=7.7e-04
15:57:50 INFO src.model_v25_resconv:   fold14 ep 75  loss=0.1406  train=21.2  val=108.8  test=110.4  best_val=84.0  λ_Δ=0.30  lr=7.3e-04
15:57:51 INFO src.model_v25_resconv:   fold14 ep 80  loss=0.1306  train=18.5  val=98.0  test=106.3  best_val=84.0  λ_Δ=0.30  lr=6.9e-04
15:57:52 INFO src.model_v25_resconv:   fold14 ep 85  loss=0.1269  train=17.7  val=111.6  test=118.0  best_val=84.0  λ_Δ=0.30  lr=6.5e-04
15:57:53 INFO src.model_v25_resconv:   fold14 ep 90  loss=0.1179  train=16.7  val=112.4  test=118.1  best_val=84.0  λ_Δ=0.30  lr=6.2e-04
15:57:54 INFO src.model_v25_resconv:   fold14 ep 95  loss=0.1170  train=17.4  val=106.0  test=116.1  best_val=84.0  λ_Δ=0.30  lr=5.7e-04
15:57:55 INFO src.model_v25_resconv:   fold14 ep100  loss=0.1100  train=16.1  val=106.3  test=112.7  best_val=84.0  λ_Δ=0.30  lr=5.3e-04
15:57:56 INFO src.model_v25_resconv:   fold14 ep105  loss=0.1085  train=13.8  val=101.6  test=110.8  best_val=84.0  λ_Δ=0.30  lr=4.9e-04
15:57:57 INFO src.model_v25_resconv:   fold14 ep110  loss=0.1029  train=12.8  val=105.3  test=115.4  best_val=84.0  λ_Δ=0.30  lr=4.5e-04
15:57:58 INFO src.model_v25_resconv:   fold14 ep115  loss=0.1002  train=13.4  val=108.5  test=116.7  best_val=84.0  λ_Δ=0.30  lr=4.1e-04
15:57:59 INFO src.model_v25_resconv:   fold14 ep120  loss=0.0947  train=12.1  val=103.3  test=113.8  best_val=84.0  λ_Δ=0.30  lr=3.7e-04
15:58:00 INFO src.model_v25_resconv:   fold14 ep125  loss=0.0906  train=11.1  val=101.5  test=112.2  best_val=84.0  λ_Δ=0.30  lr=3.3e-04
15:58:01 INFO src.model_v25_resconv:   fold14 ep130  loss=0.0881  train=9.7  val=101.7  test=112.6  best_val=84.0  λ_Δ=0.30  lr=2.9e-04
15:58:02 INFO src.model_v25_resconv:   fold14 ep135  loss=0.0871  train=10.3  val=101.0  test=110.4  best_val=84.0  λ_Δ=0.30  lr=2.6e-04
15:58:03 INFO src.model_v25_resconv:   fold14 ep140  loss=0.0824  train=9.0  val=109.7  test=115.4  best_val=84.0  λ_Δ=0.30  lr=2.2e-04
15:58:04 INFO src.model_v25_resconv:   fold14 ep145  loss=0.0801  train=7.9  val=107.9  test=113.6  best_val=84.0  λ_Δ=0.30  lr=1.9e-04
15:58:05 INFO src.model_v25_resconv:   fold14 ep150  loss=0.0787  train=7.1  val=103.2  test=111.7  best_val=84.0  λ_Δ=0.30  lr=1.6e-04
15:58:06 INFO src.model_v25_resconv:   fold14 ep155  loss=0.0751  train=6.3  val=103.6  test=111.4  best_val=84.0  λ_Δ=0.30  lr=1.3e-04
15:58:07 INFO src.model_v25_resconv:   fold14 ep160  loss=0.0737  train=6.3  val=103.0  test=111.0  best_val=84.0  λ_Δ=0.30  lr=1.0e-04
15:58:07 INFO src.model_v25_resconv:   fold14 ep165  loss=0.0701  train=5.9  val=101.7  test=110.7  best_val=84.0  λ_Δ=0.30  lr=7.8e-05
15:58:08 INFO src.model_v25_resconv:   fold14 ep170  loss=0.0723  train=5.2  val=104.1  test=112.0  best_val=84.0  λ_Δ=0.30  lr=5.7e-05
15:58:09 INFO src.model_v25_resconv:   fold14 ep175  loss=0.0698  train=5.0  val=102.3  test=110.5  best_val=84.0  λ_Δ=0.30  lr=4.0e-05
15:58:10 INFO src.model_v25_resconv:   fold14 ep180  loss=0.0682  train=4.9  val=103.0  test=111.8  best_val=84.0  λ_Δ=0.30  lr=2.5e-05
15:58:11 INFO src.model_v25_resconv:   fold14 ep185  loss=0.0668  train=4.3  val=101.3  test=109.5  best_val=84.0  λ_Δ=0.30  lr=1.4e-05
15:58:12 INFO src.model_v25_resconv:   fold14 ep190  loss=0.0680  train=4.0  val=102.4  test=110.5  best_val=84.0  λ_Δ=0.30  lr=6.5e-06
15:58:13 INFO src.model_v25_resconv:   fold14 ep195  loss=0.0681  train=3.9  val=102.8  test=111.0  best_val=84.0  λ_Δ=0.30  lr=2.1e-06
15:58:14 INFO src.model_v25_resconv:   fold14 ep199  loss=0.0669  train=3.7  val=102.4  test=110.5  best_val=84.0  λ_Δ=0.30  lr=1.0e-06
15:58:14 INFO src.model_v25_resconv: Fold 14 done | val=84.0  test_MAE=110.5  test_RMSE=138.6
15:58:14 INFO src.model_v25_resconv: Fold 15 | train=4416 val=336 test=168 | test 2025-12-08 ~ 2025-12-14
15:58:14 INFO src.model_v25_resconv:   fold15 ep  0  loss=0.6483  train=113.4  val=90.1  test=163.7  best_val=90.1  λ_Δ=0.30  lr=1.9e-04
15:58:15 INFO src.model_v25_resconv:   fold15 ep  5  loss=0.4074  train=70.0  val=101.5  test=155.3  best_val=86.9  λ_Δ=0.30  lr=6.4e-04
15:58:16 INFO src.model_v25_resconv:   fold15 ep 10  loss=0.3782  train=70.3  val=96.1  test=153.3  best_val=86.6  λ_Δ=0.30  lr=1.0e-03
15:58:17 INFO src.model_v25_resconv:   fold15 ep 15  loss=0.3214  train=54.2  val=90.8  test=136.8  best_val=86.6  λ_Δ=0.30  lr=1.0e-03
15:58:18 INFO src.model_v25_resconv:   fold15 ep 20  loss=0.2875  train=45.3  val=89.8  test=136.0  best_val=86.6  λ_Δ=0.30  lr=9.9e-04
15:58:19 INFO src.model_v25_resconv:   fold15 ep 25  loss=0.2643  train=36.2  val=84.7  test=130.5  best_val=84.7  λ_Δ=0.30  lr=9.8e-04
15:58:20 INFO src.model_v25_resconv:   fold15 ep 30  loss=0.2400  train=36.8  val=91.1  test=144.9  best_val=84.7  λ_Δ=0.30  lr=9.7e-04
15:58:21 INFO src.model_v25_resconv:   fold15 ep 35  loss=0.2202  train=31.3  val=83.4  test=138.1  best_val=83.4  λ_Δ=0.30  lr=9.5e-04
15:58:22 INFO src.model_v25_resconv:   fold15 ep 40  loss=0.2097  train=27.6  val=87.7  test=137.1  best_val=83.4  λ_Δ=0.30  lr=9.4e-04
15:58:23 INFO src.model_v25_resconv:   fold15 ep 45  loss=0.1920  train=27.6  val=84.2  test=133.3  best_val=83.4  λ_Δ=0.30  lr=9.1e-04
15:58:24 INFO src.model_v25_resconv:   fold15 ep 50  loss=0.1802  train=25.6  val=84.0  test=136.2  best_val=82.3  λ_Δ=0.30  lr=8.9e-04
15:58:25 INFO src.model_v25_resconv:   fold15 ep 55  loss=0.1690  train=24.1  val=88.5  test=141.6  best_val=82.3  λ_Δ=0.30  lr=8.6e-04
15:58:26 INFO src.model_v25_resconv:   fold15 ep 60  loss=0.1614  train=22.2  val=81.5  test=138.6  best_val=81.5  λ_Δ=0.30  lr=8.3e-04
15:58:27 INFO src.model_v25_resconv:   fold15 ep 65  loss=0.1541  train=20.4  val=90.9  test=135.6  best_val=81.5  λ_Δ=0.30  lr=8.0e-04
15:58:28 INFO src.model_v25_resconv:   fold15 ep 70  loss=0.1439  train=18.1  val=83.0  test=138.8  best_val=81.5  λ_Δ=0.30  lr=7.7e-04
15:58:29 INFO src.model_v25_resconv:   fold15 ep 75  loss=0.1373  train=18.4  val=84.7  test=141.5  best_val=81.5  λ_Δ=0.30  lr=7.3e-04
15:58:30 INFO src.model_v25_resconv:   fold15 ep 80  loss=0.1314  train=18.2  val=84.9  test=139.0  best_val=81.5  λ_Δ=0.30  lr=6.9e-04
15:58:30 INFO src.model_v25_resconv:   fold15 ep 85  loss=0.1284  train=17.7  val=84.4  test=136.9  best_val=81.5  λ_Δ=0.30  lr=6.5e-04
15:58:31 INFO src.model_v25_resconv:   fold15 ep 90  loss=0.1192  train=16.7  val=90.6  test=140.7  best_val=81.5  λ_Δ=0.30  lr=6.2e-04
15:58:32 INFO src.model_v25_resconv:   fold15 ep 95  loss=0.1154  train=15.8  val=80.2  test=135.2  best_val=80.2  λ_Δ=0.30  lr=5.7e-04
15:58:33 INFO src.model_v25_resconv:   fold15 ep100  loss=0.1129  train=14.8  val=84.9  test=132.9  best_val=80.2  λ_Δ=0.30  lr=5.3e-04
15:58:34 INFO src.model_v25_resconv:   fold15 ep105  loss=0.1083  train=15.0  val=89.1  test=134.1  best_val=80.2  λ_Δ=0.30  lr=4.9e-04
15:58:35 INFO src.model_v25_resconv:   fold15 ep110  loss=0.1037  train=13.6  val=82.4  test=138.0  best_val=80.2  λ_Δ=0.30  lr=4.5e-04
15:58:36 INFO src.model_v25_resconv:   fold15 ep115  loss=0.1001  train=12.2  val=85.0  test=135.1  best_val=80.2  λ_Δ=0.30  lr=4.1e-04
15:58:37 INFO src.model_v25_resconv:   fold15 ep120  loss=0.0956  train=12.9  val=90.3  test=138.5  best_val=80.2  λ_Δ=0.30  lr=3.7e-04
15:58:38 INFO src.model_v25_resconv:   fold15 ep125  loss=0.0922  train=11.5  val=81.5  test=134.0  best_val=80.2  λ_Δ=0.30  lr=3.3e-04
15:58:39 INFO src.model_v25_resconv:   fold15 ep130  loss=0.0898  train=10.6  val=81.6  test=137.0  best_val=79.9  λ_Δ=0.30  lr=2.9e-04
15:58:40 INFO src.model_v25_resconv:   fold15 ep135  loss=0.0845  train=9.4  val=80.9  test=137.6  best_val=79.9  λ_Δ=0.30  lr=2.6e-04
15:58:41 INFO src.model_v25_resconv:   fold15 ep140  loss=0.0834  train=8.5  val=84.7  test=137.5  best_val=79.9  λ_Δ=0.30  lr=2.2e-04
15:58:42 INFO src.model_v25_resconv:   fold15 ep145  loss=0.0788  train=8.5  val=82.9  test=135.8  best_val=79.9  λ_Δ=0.30  lr=1.9e-04
15:58:43 INFO src.model_v25_resconv:   fold15 ep150  loss=0.0791  train=7.0  val=84.0  test=136.0  best_val=79.9  λ_Δ=0.30  lr=1.6e-04
15:58:43 INFO src.model_v25_resconv:   fold15 ep155  loss=0.0769  train=7.3  val=82.7  test=135.6  best_val=79.9  λ_Δ=0.30  lr=1.3e-04
15:58:44 INFO src.model_v25_resconv:   fold15 ep160  loss=0.0746  train=6.7  val=85.2  test=136.2  best_val=79.9  λ_Δ=0.30  lr=1.0e-04
15:58:45 INFO src.model_v25_resconv:   fold15 ep165  loss=0.0716  train=5.8  val=83.7  test=135.7  best_val=79.9  λ_Δ=0.30  lr=7.8e-05
15:58:46 INFO src.model_v25_resconv:   fold15 ep170  loss=0.0715  train=5.9  val=85.1  test=137.1  best_val=79.9  λ_Δ=0.30  lr=5.7e-05
15:58:47 INFO src.model_v25_resconv:   fold15 ep175  loss=0.0708  train=4.9  val=83.1  test=135.4  best_val=79.9  λ_Δ=0.30  lr=4.0e-05
15:58:48 INFO src.model_v25_resconv:   fold15 ep180  loss=0.0680  train=4.5  val=83.6  test=134.7  best_val=79.9  λ_Δ=0.30  lr=2.5e-05
15:58:49 INFO src.model_v25_resconv:   fold15 ep185  loss=0.0681  train=4.5  val=83.8  test=135.1  best_val=79.9  λ_Δ=0.30  lr=1.4e-05
15:58:50 INFO src.model_v25_resconv:   fold15 ep190  loss=0.0676  train=4.6  val=83.5  test=135.0  best_val=79.9  λ_Δ=0.30  lr=6.5e-06
15:58:51 INFO src.model_v25_resconv:   fold15 ep195  loss=0.0670  train=3.9  val=83.1  test=135.2  best_val=79.9  λ_Δ=0.30  lr=2.1e-06
15:58:52 INFO src.model_v25_resconv:   fold15 ep199  loss=0.0679  train=4.2  val=83.4  test=135.4  best_val=79.9  λ_Δ=0.30  lr=1.0e-06
15:58:52 INFO src.model_v25_resconv: Fold 15 done | val=79.9  test_MAE=135.4  test_RMSE=233.2
15:58:52 INFO src.model_v25_resconv: Fold 16 | train=4392 val=336 test=168 | test 2025-12-15 ~ 2025-12-21
15:58:52 INFO src.model_v25_resconv:   fold16 ep  0  loss=0.6450  train=115.1  val=137.3  test=82.1  best_val=137.3  λ_Δ=0.30  lr=1.9e-04
15:58:53 INFO src.model_v25_resconv:   fold16 ep  5  loss=0.4026  train=70.7  val=121.3  test=71.6  best_val=115.9  λ_Δ=0.30  lr=6.4e-04
15:58:54 INFO src.model_v25_resconv:   fold16 ep 10  loss=0.3714  train=64.9  val=118.2  test=80.5  best_val=112.1  λ_Δ=0.30  lr=1.0e-03
15:58:55 INFO src.model_v25_resconv:   fold16 ep 15  loss=0.3240  train=47.6  val=114.0  test=73.6  best_val=109.3  λ_Δ=0.30  lr=1.0e-03
15:58:56 INFO src.model_v25_resconv:   fold16 ep 20  loss=0.2873  train=50.0  val=115.7  test=80.4  best_val=109.3  λ_Δ=0.30  lr=9.9e-04
15:58:57 INFO src.model_v25_resconv:   fold16 ep 25  loss=0.2634  train=40.0  val=113.1  test=92.9  best_val=109.3  λ_Δ=0.30  lr=9.8e-04
15:58:58 INFO src.model_v25_resconv:   fold16 ep 30  loss=0.2354  train=33.7  val=114.9  test=84.4  best_val=109.3  λ_Δ=0.30  lr=9.7e-04
15:58:59 INFO src.model_v25_resconv:   fold16 ep 35  loss=0.2239  train=30.4  val=112.9  test=74.0  best_val=109.3  λ_Δ=0.30  lr=9.5e-04
15:59:00 INFO src.model_v25_resconv:   fold16 ep 40  loss=0.2028  train=28.7  val=116.4  test=77.9  best_val=106.4  λ_Δ=0.30  lr=9.4e-04
15:59:01 INFO src.model_v25_resconv:   fold16 ep 45  loss=0.1904  train=26.8  val=117.1  test=76.4  best_val=106.4  λ_Δ=0.30  lr=9.1e-04
15:59:01 INFO src.model_v25_resconv:   fold16 ep 50  loss=0.1787  train=26.5  val=110.9  test=78.5  best_val=106.4  λ_Δ=0.30  lr=8.9e-04
15:59:02 INFO src.model_v25_resconv:   fold16 ep 55  loss=0.1690  train=24.6  val=117.2  test=77.1  best_val=106.4  λ_Δ=0.30  lr=8.6e-04
15:59:03 INFO src.model_v25_resconv:   fold16 ep 60  loss=0.1559  train=24.7  val=114.2  test=78.2  best_val=106.4  λ_Δ=0.30  lr=8.3e-04
15:59:04 INFO src.model_v25_resconv:   fold16 ep 65  loss=0.1508  train=20.6  val=112.3  test=79.2  best_val=106.4  λ_Δ=0.30  lr=8.0e-04
15:59:05 INFO src.model_v25_resconv:   fold16 ep 70  loss=0.1451  train=20.3  val=112.1  test=81.1  best_val=106.4  λ_Δ=0.30  lr=7.7e-04
15:59:06 INFO src.model_v25_resconv:   fold16 ep 75  loss=0.1406  train=20.7  val=114.1  test=74.6  best_val=106.4  λ_Δ=0.30  lr=7.3e-04
15:59:07 INFO src.model_v25_resconv:   fold16 ep 80  loss=0.1303  train=18.4  val=114.8  test=81.1  best_val=106.4  λ_Δ=0.30  lr=6.9e-04
15:59:08 INFO src.model_v25_resconv:   fold16 ep 85  loss=0.1290  train=16.5  val=113.6  test=81.2  best_val=106.4  λ_Δ=0.30  lr=6.5e-04
15:59:09 INFO src.model_v25_resconv:   fold16 ep 90  loss=0.1214  train=16.5  val=111.3  test=79.2  best_val=106.4  λ_Δ=0.30  lr=6.2e-04
15:59:10 INFO src.model_v25_resconv:   fold16 ep 95  loss=0.1160  train=15.8  val=113.5  test=81.2  best_val=106.4  λ_Δ=0.30  lr=5.7e-04
15:59:11 INFO src.model_v25_resconv:   fold16 ep100  loss=0.1127  train=15.4  val=115.0  test=82.3  best_val=106.4  λ_Δ=0.30  lr=5.3e-04
15:59:12 INFO src.model_v25_resconv:   fold16 ep105  loss=0.1080  train=14.8  val=113.7  test=82.0  best_val=106.4  λ_Δ=0.30  lr=4.9e-04
15:59:13 INFO src.model_v25_resconv:   fold16 ep110  loss=0.1052  train=14.1  val=116.3  test=79.5  best_val=106.4  λ_Δ=0.30  lr=4.5e-04
15:59:13 INFO src.model_v25_resconv:   fold16 ep115  loss=0.1024  train=11.9  val=111.5  test=77.5  best_val=106.4  λ_Δ=0.30  lr=4.1e-04
15:59:14 INFO src.model_v25_resconv:   fold16 ep120  loss=0.0970  train=11.7  val=113.7  test=80.6  best_val=106.4  λ_Δ=0.30  lr=3.7e-04
15:59:15 INFO src.model_v25_resconv:   fold16 ep125  loss=0.0942  train=11.7  val=112.4  test=81.1  best_val=106.4  λ_Δ=0.30  lr=3.3e-04
15:59:16 INFO src.model_v25_resconv:   fold16 ep130  loss=0.0909  train=10.9  val=114.4  test=81.7  best_val=106.4  λ_Δ=0.30  lr=2.9e-04
15:59:17 INFO src.model_v25_resconv:   fold16 ep135  loss=0.0870  train=9.1  val=113.1  test=79.0  best_val=106.4  λ_Δ=0.30  lr=2.6e-04
15:59:18 INFO src.model_v25_resconv:   fold16 ep140  loss=0.0834  train=9.1  val=113.7  test=81.0  best_val=106.4  λ_Δ=0.30  lr=2.2e-04
15:59:19 INFO src.model_v25_resconv:   fold16 ep145  loss=0.0822  train=8.2  val=112.9  test=80.7  best_val=106.4  λ_Δ=0.30  lr=1.9e-04
15:59:20 INFO src.model_v25_resconv:   fold16 ep150  loss=0.0776  train=7.5  val=113.4  test=82.6  best_val=106.4  λ_Δ=0.30  lr=1.6e-04
15:59:21 INFO src.model_v25_resconv:   fold16 ep155  loss=0.0771  train=7.0  val=114.5  test=83.4  best_val=106.4  λ_Δ=0.30  lr=1.3e-04
15:59:22 INFO src.model_v25_resconv:   fold16 ep160  loss=0.0753  train=6.3  val=113.5  test=81.4  best_val=106.4  λ_Δ=0.30  lr=1.0e-04
15:59:23 INFO src.model_v25_resconv:   fold16 ep165  loss=0.0750  train=6.1  val=113.9  test=81.8  best_val=106.4  λ_Δ=0.30  lr=7.8e-05
15:59:23 INFO src.model_v25_resconv:   fold16 ep170  loss=0.0719  train=5.5  val=113.9  test=81.7  best_val=106.4  λ_Δ=0.30  lr=5.7e-05
15:59:24 INFO src.model_v25_resconv:   fold16 ep175  loss=0.0709  train=5.0  val=113.7  test=81.1  best_val=106.4  λ_Δ=0.30  lr=4.0e-05
15:59:25 INFO src.model_v25_resconv:   fold16 ep180  loss=0.0711  train=4.6  val=114.0  test=81.9  best_val=106.4  λ_Δ=0.30  lr=2.5e-05
15:59:26 INFO src.model_v25_resconv:   fold16 ep185  loss=0.0694  train=4.7  val=113.6  test=81.3  best_val=106.4  λ_Δ=0.30  lr=1.4e-05
15:59:27 INFO src.model_v25_resconv:   fold16 ep190  loss=0.0695  train=4.2  val=113.5  test=81.9  best_val=106.4  λ_Δ=0.30  lr=6.5e-06
15:59:28 INFO src.model_v25_resconv:   fold16 ep195  loss=0.0686  train=4.3  val=113.7  test=82.5  best_val=106.4  λ_Δ=0.30  lr=2.1e-06
15:59:29 INFO src.model_v25_resconv:   fold16 ep199  loss=0.0696  train=4.0  val=113.4  test=82.0  best_val=106.4  λ_Δ=0.30  lr=1.0e-06
15:59:29 INFO src.model_v25_resconv: Fold 16 done | val=106.4  test_MAE=82.0  test_RMSE=103.7
15:59:29 INFO src.model_v25_resconv: ============================================================
15:59:29 INFO src.model_v25_resconv: V25.0 RESULTS (V8-backbone dual L1)
15:59:29 INFO src.model_v25_resconv:   MAE:  139.33
15:59:29 INFO src.model_v25_resconv:   RMSE: 215.84
15:59:29 INFO src.model_v25_resconv:   Output: /root/workspace/neimeng_prj/output/experiments/v25.0
15:59:29 INFO src.model_v25_resconv: ============================================================
15:59:30 INFO price_forecast_eval.viz.plotting: Saved: /root/workspace/neimeng_prj/output/experiments/v25.0/plots/da_vol_typical_days.png
15:59:30 INFO price_forecast_eval.viz.plotting: Saved: /root/workspace/neimeng_prj/output/experiments/v25.0/plots/da_vol_mid_days.png
15:59:31 INFO price_forecast_eval.viz.plotting: Saved: /root/workspace/neimeng_prj/output/experiments/v25.0/plots/da_vol_high_vol_days.png
15:59:32 INFO price_forecast_eval.viz.plotting: Saved: /root/workspace/neimeng_prj/output/experiments/v25.0/plots/da_weekend_days.png
15:59:32 INFO price_forecast_eval.viz.plotting: Saved: /root/workspace/neimeng_prj/output/experiments/v25.0/plots/da_weekday_days.png
15:59:33 INFO price_forecast_eval.viz.plotting: Saved: /root/workspace/neimeng_prj/output/experiments/v25.0/plots/da_extreme_days.png
15:59:33 INFO price_forecast_eval.viz.standard: 无节假日样本，跳过 da_holiday_days.png
15:59:33 INFO price_forecast_eval.viz.plotting: Saved: /root/workspace/neimeng_prj/output/experiments/v25.0/plots/da_week1.png
15:59:33 INFO price_forecast_eval.viz.plotting: Saved: /root/workspace/neimeng_prj/output/experiments/v25.0/plots/da_week2.png
15:59:33 INFO price_forecast_eval.viz.plotting: Saved: /root/workspace/neimeng_prj/output/experiments/v25.0/plots/da_week3.png
15:59:34 INFO price_forecast_eval.viz.plotting: Saved: /root/workspace/neimeng_prj/output/experiments/v25.0/plots/da_week4.png
15:59:34 INFO price_forecast_eval.viz.plotting: Saved: /root/workspace/neimeng_prj/output/experiments/v25.0/plots/da_week5.png
15:59:34 INFO price_forecast_eval.viz.plotting: Saved: /root/workspace/neimeng_prj/output/experiments/v25.0/plots/da_week6.png
15:59:34 INFO price_forecast_eval.viz.plotting: Saved: /root/workspace/neimeng_prj/output/experiments/v25.0/plots/da_week7.png
15:59:34 INFO price_forecast_eval.viz.plotting: Saved: /root/workspace/neimeng_prj/output/experiments/v25.0/plots/da_week8.png
15:59:34 INFO price_forecast_eval.viz.plotting: Saved: /root/workspace/neimeng_prj/output/experiments/v25.0/plots/da_week9.png
15:59:34 INFO price_forecast_eval.viz.plotting: Saved: /root/workspace/neimeng_prj/output/experiments/v25.0/plots/da_week10.png
15:59:35 INFO price_forecast_eval.viz.plotting: Saved: /root/workspace/neimeng_prj/output/experiments/v25.0/plots/da_week11.png
15:59:35 INFO price_forecast_eval.viz.plotting: Saved: /root/workspace/neimeng_prj/output/experiments/v25.0/plots/da_week12.png
15:59:35 INFO price_forecast_eval.viz.plotting: Saved: /root/workspace/neimeng_prj/output/experiments/v25.0/plots/da_week13.png
15:59:35 INFO price_forecast_eval.viz.plotting: Saved: /root/workspace/neimeng_prj/output/experiments/v25.0/plots/da_week14.png
15:59:35 INFO price_forecast_eval.viz.plotting: Saved: /root/workspace/neimeng_prj/output/experiments/v25.0/plots/da_week15.png
15:59:35 INFO price_forecast_eval.viz.plotting: Saved: /root/workspace/neimeng_prj/output/experiments/v25.0/plots/da_week16.png
15:59:36 INFO price_forecast_eval.viz.plotting: Saved: /root/workspace/neimeng_prj/output/experiments/v25.0/plots/da_full_test.png
15:59:36 INFO src.model_v25_resconv: Standard visualization (appendix) → /root/workspace/neimeng_prj/output/experiments/v25.0/plots
